2019-09-30 09:59:29 (Request took 0.03817892074585s)\r\nBiltorvet API: uforudset responskode (502)
URL: https://api-v1.autoit.dk/vehicle/filteroptions

2019-09-30 10:24:40 (Request took 0.097105979919434s)\r\nBiltorvet API: uforudset responskode (502)
URL: https://api-v1.autoit.dk/vehicle/filteroptions

2019-09-30 10:34:49 (Request took 0.038418054580688s)\r\nBiltorvet API: uforudset responskode (502)
URL: https://api-v1.autoit.dk/vehicle/filteroptions

2019-09-30 10:34:54 (Request took 0.036782026290894s)\r\nBiltorvet API: uforudset responskode (502)
URL: https://api-v1.autoit.dk/vehicle/filteroptions

2019-09-30 10:35:07 (Request took 0.028270959854126s)\r\nBiltorvet API: uforudset responskode (502)
URL: https://api-v1.autoit.dk/vehicle/filteroptions

2019-10-23 09:35:49 (Request took 0.038705110549927s)\r\nBiltorvet API: uforudset responskode (502)
URL: https://api-v1.autoit.dk/vehicle/filteroptions

2019-10-23 09:36:09 (Request took 0.026643037796021s)\r\nBiltorvet API: uforudset responskode (502)
URL: https://api-v1.autoit.dk/vehicle/filteroptions

2019-11-04 14:49:01 (Request took 0.030224084854126s)\r\nBiltorvet API: uforudset responskode (502)
URL: https://api-v1.autoit.dk/vehicle/filteroptions

2019-11-04 15:02:07 (Request took 0.028550863265991s)\r\nBiltorvet API: uforudset responskode (502)
URL: https://api-v1.autoit.dk/vehicle/filteroptions

2019-11-05 06:52:47 (Request took 0.030171155929565s)\r\nBiltorvet API: uforudset responskode (502)
URL: https://api-v1.autoit.dk/vehicle/filteroptions

2019-11-05 12:26:46 (Request took 0.030787944793701s)\r\nBiltorvet API: uforudset responskode (502)
URL: https://api-v1.autoit.dk/vehicle/filteroptions

2019-11-05 12:45:21 (Request took 0.032047033309937s)\r\nBiltorvet API: uforudset responskode (502)
URL: https://api-v1.autoit.dk/vehicle/filteroptions

2019-11-05 12:45:44 (Request took 0.032218217849731s)\r\nBiltorvet API: uforudset responskode (502)
URL: https://api-v1.autoit.dk/vehicle/filteroptions

2019-11-06 08:29:53 (Request took 0.041224002838135s)\r\nBiltorvet API: uforudset responskode (502)
URL: https://api-v1.autoit.dk/vehicle/filteroptions

2019-11-06 08:30:00 (Request took 0.0607750415802s)\r\nBiltorvet API: uforudset responskode (502)
URL: https://api-v1.autoit.dk/vehicle/filteroptions

2019-11-06 08:30:09 (Request took 0.044395923614502s)\r\nBiltorvet API: uforudset responskode (502)
URL: https://api-v1.autoit.dk/vehicle/filteroptions

2019-11-06 08:31:48 (Request took 0.036868095397949s)\r\nBiltorvet API: uforudset responskode (502)
URL: https://api-v1.autoit.dk/vehicle/filteroptions

2019-11-06 08:31:55 (Request took 0.025330066680908s)\r\nBiltorvet API: uforudset responskode (502)
URL: https://api-v1.autoit.dk/vehicle/filteroptions

2019-11-06 08:31:59 (Request took 0.038710117340088s)\r\nBiltorvet API: uforudset responskode (502)
URL: https://api-v1.autoit.dk/vehicle/filteroptions

2019-11-06 08:32:34 (Request took 0.037103891372681s)\r\nBiltorvet API: uforudset responskode (502)
URL: https://api-v1.autoit.dk/vehicle/filteroptions

2019-11-06 08:32:48 (Request took 0.025032043457031s)\r\nBiltorvet API: uforudset responskode (502)
URL: https://api-v1.autoit.dk/vehicle/filteroptions

2019-11-06 08:32:58 (Request took 0.027554035186768s)\r\nBiltorvet API: uforudset responskode (502)
URL: https://api-v1.autoit.dk/vehicle/filteroptions

2019-11-06 08:33:05 (Request took 0.035782814025879s)\r\nBiltorvet API: uforudset responskode (502)
URL: https://api-v1.autoit.dk/vehicle/filteroptions

2019-11-06 08:33:28 (Request took 0.036593914031982s)\r\nBiltorvet API: uforudset responskode (502)
URL: https://api-v1.autoit.dk/vehicle/filteroptions

2019-11-06 08:35:02 (Request took 0.045949935913086s)\r\nBiltorvet API: uforudset responskode (502)
URL: https://api-v1.autoit.dk/vehicle/filteroptions

2019-11-06 08:35:10 (Request took 0.026435852050781s)\r\nBiltorvet API: uforudset responskode (502)
URL: https://api-v1.autoit.dk/vehicle/filteroptions

2019-11-06 08:35:15 (Request took 0.037415027618408s)\r\nBiltorvet API: uforudset responskode (502)
URL: https://api-v1.autoit.dk/vehicle/filteroptions

2019-11-06 08:35:31 (Request took 0.03575587272644s)\r\nBiltorvet API: uforudset responskode (502)
URL: https://api-v1.autoit.dk/vehicle/filteroptions

2019-11-06 08:35:40 (Request took 0.026803970336914s)\r\nBiltorvet API: uforudset responskode (502)
URL: https://api-v1.autoit.dk/vehicle/filteroptions

2019-11-06 08:36:01 (Request took 0.037392854690552s)\r\nBiltorvet API: uforudset responskode (502)
URL: https://api-v1.autoit.dk/vehicle/filteroptions

2019-11-06 08:36:40 (Request took 0.036836862564087s)\r\nBiltorvet API: uforudset responskode (502)
URL: https://api-v1.autoit.dk/vehicle/filteroptions

2019-11-06 08:37:49 (Request took 0.028250932693481s)\r\nBiltorvet API: uforudset responskode (502)
URL: https://api-v1.autoit.dk/vehicle/filteroptions

2019-11-06 08:38:04 (Request took 0.029714107513428s)\r\nBiltorvet API: uforudset responskode (502)
URL: https://api-v1.autoit.dk/vehicle/filteroptions

2019-11-06 08:57:21 (Request took 0.026800155639648s)\r\nBiltorvet API: uforudset responskode (502)
URL: https://api-v1.autoit.dk/vehicle/filteroptions

2019-11-06 08:57:32 (Request took 0.026614904403687s)\r\nBiltorvet API: uforudset responskode (502)
URL: https://api-v1.autoit.dk/vehicle/filteroptions

2019-11-06 08:58:01 (Request took 0.029904842376709s)\r\nBiltorvet API: uforudset responskode (502)
URL: https://api-v1.autoit.dk/vehicle/filteroptions

2019-11-06 08:58:10 (Request took 0.033262014389038s)\r\nBiltorvet API: uforudset responskode (502)
URL: https://api-v1.autoit.dk/vehicle/filteroptions

2019-11-06 08:58:29 (Request took 0.040780067443848s)\r\nBiltorvet API: uforudset responskode (502)
URL: https://api-v1.autoit.dk/vehicle/filteroptions

2019-11-06 09:00:15 (Request took 0.044593095779419s)\r\nBiltorvet API: uforudset responskode (502)
URL: https://api-v1.autoit.dk/vehicle/filteroptions

2019-11-06 09:14:08 (Request took 0.030668973922729s)\r\nBiltorvet API: uforudset responskode (502)
URL: https://api-v1.autoit.dk/vehicle/filteroptions

2019-11-06 09:25:17 (Request took 0.037422180175781s)\r\nBiltorvet API: uforudset responskode (502)
URL: https://api-v1.autoit.dk/vehicle/filteroptions

2019-11-06 09:25:29 (Request took 0.028211116790771s)\r\nBiltorvet API: uforudset responskode (502)
URL: https://api-v1.autoit.dk/vehicle/filteroptions

2019-11-06 09:29:02 (Request took 0.04060697555542s)\r\nBiltorvet API: uforudset responskode (502)
URL: https://api-v1.autoit.dk/vehicle/filteroptions

2019-11-06 10:00:55 (Request took 0.038202047348022s)\r\nBiltorvet API: uforudset responskode (502)
URL: https://api-v1.autoit.dk/vehicle/filteroptions

2019-11-06 10:36:32 (Request took 0.038647890090942s)\r\nBiltorvet API: uforudset responskode (502)
URL: https://api-v1.autoit.dk/vehicle/filteroptions

2019-11-06 10:36:47 (Request took 0.027189016342163s)\r\nBiltorvet API: uforudset responskode (502)
URL: https://api-v1.autoit.dk/vehicle/filteroptions

2019-11-06 10:45:26 (Request took 0.046761989593506s)\r\nBiltorvet API: uforudset responskode (502)
URL: https://api-v1.autoit.dk/vehicle/filteroptions

2019-11-06 10:53:45 (Request took 0.028548955917358s)\r\nBiltorvet API: uforudset responskode (502)
URL: https://api-v1.autoit.dk/vehicle/filteroptions

2019-11-06 11:50:24 (Request took 0.13292813301086s)\r\nBiltorvet API: uforudset responskode (502)
URL: https://api-v1.autoit.dk/vehicle/filteroptions

2019-11-06 11:52:22 (Request took 0.040822982788086s)\r\nBiltorvet API: uforudset responskode (502)
URL: https://api-v1.autoit.dk/vehicle/filteroptions

2019-11-06 11:52:54 (Request took 0.028635025024414s)\r\nBiltorvet API: uforudset responskode (502)
URL: https://api-v1.autoit.dk/vehicle/filteroptions

2019-11-06 11:53:26 (Request took 0.038408041000366s)\r\nBiltorvet API: uforudset responskode (502)
URL: https://api-v1.autoit.dk/vehicle/filteroptions

2019-11-06 11:54:08 (Request took 0.028115034103394s)\r\nBiltorvet API: uforudset responskode (502)
URL: https://api-v1.autoit.dk/vehicle/filteroptions

2019-11-06 11:54:24 (Request took 0.036976099014282s)\r\nBiltorvet API: uforudset responskode (502)
URL: https://api-v1.autoit.dk/vehicle/filteroptions

2019-11-06 11:54:32 (Request took 0.038088083267212s)\r\nBiltorvet API: uforudset responskode (502)
URL: https://api-v1.autoit.dk/vehicle/filteroptions

2019-11-06 11:54:37 (Request took 0.028060913085938s)\r\nBiltorvet API: uforudset responskode (502)
URL: https://api-v1.autoit.dk/vehicle/filteroptions

2019-11-06 12:25:11 (Request took 0.039064884185791s)\r\nBiltorvet API: uforudset responskode (502)
URL: https://api-v1.autoit.dk/vehicle/filteroptions

2019-11-06 12:25:17 (Request took 0.029306888580322s)\r\nBiltorvet API: uforudset responskode (502)
URL: https://api-v1.autoit.dk/vehicle/filteroptions

2019-11-06 12:34:19 (Request took 0.028409004211426s)\r\nBiltorvet API: uforudset responskode (502)
URL: https://api-v1.autoit.dk/vehicle/filteroptions

2019-11-06 12:34:54 (Request took 0.039898157119751s)\r\nBiltorvet API: uforudset responskode (502)
URL: https://api-v1.autoit.dk/vehicle/filteroptions

2019-11-06 12:42:01 (Request took 0.039244890213013s)\r\nBiltorvet API: uforudset responskode (502)
URL: https://api-v1.autoit.dk/vehicle/filteroptions

2019-11-06 12:47:30 (Request took 0.043009042739868s)\r\nBiltorvet API: uforudset responskode (502)
URL: https://api-v1.autoit.dk/vehicle/filteroptions

2019-11-06 12:47:55 (Request took 0.031115055084229s)\r\nBiltorvet API: uforudset responskode (502)
URL: https://api-v1.autoit.dk/vehicle/filteroptions

2019-11-06 12:57:54 (Request took 0.029972791671753s)\r\nBiltorvet API: uforudset responskode (502)
URL: https://api-v1.autoit.dk/vehicle/filteroptions

2019-11-07 11:44:21 (Request took 0.046741008758545s)\r\nBiltorvet API: uforudset responskode (502)
URL: https://api-v1.autoit.dk/vehicle/filteroptions

2019-11-08 07:40:09 (Request took 0.048466920852661s)\r\nBiltorvet API: uforudset responskode (502)
URL: https://api-v1.autoit.dk/vehicle/filteroptions

2019-11-08 10:16:58 (Request took 0.029369115829468s)\r\nBiltorvet API: uforudset responskode (502)
URL: https://api-v1.autoit.dk/vehicle/filteroptions

2019-11-08 12:05:37 (Request took 0.055068016052246s)\r\nBiltorvet API: uforudset responskode (502)
URL: https://api-v1.autoit.dk/vehicle/filteroptions

2019-11-08 12:06:28 (Request took 0.031852006912231s)\r\nBiltorvet API: uforudset responskode (502)
URL: https://api-v1.autoit.dk/vehicle/filteroptions

2019-11-08 12:10:55 (Request took 0.07483696937561s)\r\nBiltorvet API: uforudset responskode (502)
URL: https://api-v1.autoit.dk/vehicle/filteroptions

2019-11-08 12:33:20 (Request took 0.25335693359375s)\r\nBiltorvet API: uforudset responskode (502)
URL: https://api-v1.autoit.dk/vehicle/filteroptions

2019-11-11 05:51:22 (Request took 0.028888940811157s)\r\nBiltorvet API: uforudset responskode (502)
URL: https://api-v1.autoit.dk/vehicle/filteroptions

2019-11-11 05:56:47 (Request took 0.032290935516357s)\r\nBiltorvet API: uforudset responskode (502)
URL: https://api-v1.autoit.dk/vehicle/filteroptions

2019-11-11 05:57:57 (Request took 0.039067029953003s)\r\nBiltorvet API: uforudset responskode (502)
URL: https://api-v1.autoit.dk/vehicle/filteroptions

2019-11-11 05:58:29 (Request took 0.041559934616089s)\r\nBiltorvet API: uforudset responskode (502)
URL: https://api-v1.autoit.dk/vehicle/filteroptions

2019-11-11 05:58:52 (Request took 0.083645105361938s)\r\nBiltorvet API: uforudset responskode (502)
URL: https://api-v1.autoit.dk/vehicle/filteroptions

2019-11-11 06:00:46 (Request took 0.043420076370239s)\r\nBiltorvet API: uforudset responskode (502)
URL: https://api-v1.autoit.dk/vehicle/filteroptions

2019-11-11 06:49:09 (Request took 0.039695978164673s)\r\nBiltorvet API: uforudset responskode (502)
URL: https://api-v1.autoit.dk/vehicle/filteroptions

2019-11-11 06:51:59 (Request took 0.027857065200806s)\r\nBiltorvet API: uforudset responskode (502)
URL: https://api-v1.autoit.dk/vehicle/filteroptions

2019-11-11 06:58:26 (Request took 0.028730869293213s)\r\nBiltorvet API: uforudset responskode (502)
URL: https://api-v1.autoit.dk/vehicle/filteroptions

2019-11-11 06:58:37 (Request took 0.028970956802368s)\r\nBiltorvet API: uforudset responskode (502)
URL: https://api-v1.autoit.dk/vehicle/filteroptions

2019-11-11 07:25:35 (Request took 0.029047966003418s)\r\nBiltorvet API: uforudset responskode (502)
URL: https://api-v1.autoit.dk/vehicle/filteroptions

2019-11-11 07:25:49 (Request took 0.027179956436157s)\r\nBiltorvet API: uforudset responskode (502)
URL: https://api-v1.autoit.dk/vehicle/filteroptions

2019-11-11 07:26:14 (Request took 0.038146018981934s)\r\nBiltorvet API: uforudset responskode (502)
URL: https://api-v1.autoit.dk/vehicle/filteroptions

2019-11-11 07:29:50 (Request took 0.036665916442871s)\r\nBiltorvet API: uforudset responskode (502)
URL: https://api-v1.autoit.dk/vehicle/filteroptions

2019-11-11 07:41:27 (Request took 0.035177946090698s)\r\nBiltorvet API: uforudset responskode (502)
URL: https://api-v1.autoit.dk/vehicle/filteroptions

2019-11-11 07:41:31 (Request took 0.037487030029297s)\r\nBiltorvet API: uforudset responskode (502)
URL: https://api-v1.autoit.dk/vehicle/filteroptions

2019-11-11 07:41:36 (Request took 0.035966873168945s)\r\nBiltorvet API: uforudset responskode (502)
URL: https://api-v1.autoit.dk/vehicle/filteroptions

2019-11-11 07:41:49 (Request took 0.037090063095093s)\r\nBiltorvet API: uforudset responskode (502)
URL: https://api-v1.autoit.dk/vehicle/filteroptions

2019-11-11 07:41:52 (Request took 0.032876014709473s)\r\nBiltorvet API: uforudset responskode (502)
URL: https://api-v1.autoit.dk/vehicle/filteroptions

2019-11-11 07:42:20 (Request took 0.027245998382568s)\r\nBiltorvet API: uforudset responskode (502)
URL: https://api-v1.autoit.dk/vehicle/filteroptions

2019-11-11 07:42:49 (Request took 0.029549837112427s)\r\nBiltorvet API: uforudset responskode (502)
URL: https://api-v1.autoit.dk/vehicle/filteroptions

2019-11-11 07:43:41 (Request took 0.028301000595093s)\r\nBiltorvet API: uforudset responskode (502)
URL: https://api-v1.autoit.dk/vehicle/filteroptions

2019-11-11 07:43:56 (Request took 0.036390066146851s)\r\nBiltorvet API: uforudset responskode (502)
URL: https://api-v1.autoit.dk/vehicle/filteroptions

2019-11-11 07:44:00 (Request took 0.035401821136475s)\r\nBiltorvet API: uforudset responskode (502)
URL: https://api-v1.autoit.dk/vehicle/filteroptions

2019-11-11 07:44:54 (Request took 0.044713020324707s)\r\nBiltorvet API: uforudset responskode (502)
URL: https://api-v1.autoit.dk/vehicle/filteroptions

2019-11-11 07:44:59 (Request took 0.035513162612915s)\r\nBiltorvet API: uforudset responskode (502)
URL: https://api-v1.autoit.dk/vehicle/filteroptions

2019-11-11 07:47:27 (Request took 0.039448976516724s)\r\nBiltorvet API: uforudset responskode (502)
URL: https://api-v1.autoit.dk/vehicle/filteroptions

2019-11-11 07:47:33 (Request took 0.026064872741699s)\r\nBiltorvet API: uforudset responskode (502)
URL: https://api-v1.autoit.dk/vehicle/filteroptions

2019-11-11 07:47:48 (Request took 0.034908771514893s)\r\nBiltorvet API: uforudset responskode (502)
URL: https://api-v1.autoit.dk/vehicle

2019-11-11 07:47:51 (Request took 0.036395072937012s)\r\nBiltorvet API: uforudset responskode (502)
URL: https://api-v1.autoit.dk/vehicle

2019-11-11 07:48:10 (Request took 0.037838935852051s)\r\nBiltorvet API: uforudset responskode (502)
URL: https://api-v1.autoit.dk/vehicle/filteroptions

2019-11-11 07:48:45 (Request took 0.037430047988892s)\r\nBiltorvet API: uforudset responskode (502)
URL: https://api-v1.autoit.dk/vehicle/filteroptions

2019-11-11 07:49:24 (Request took 0.036150932312012s)\r\nBiltorvet API: uforudset responskode (502)
URL: https://api-v1.autoit.dk/vehicle/filteroptions

2019-11-11 07:49:56 (Request took 0.037559032440186s)\r\nBiltorvet API: uforudset responskode (502)
URL: https://api-v1.autoit.dk/vehicle/filteroptions

2019-11-11 07:49:59 (Request took 0.028349876403809s)\r\nBiltorvet API: uforudset responskode (502)
URL: https://api-v1.autoit.dk/vehicle/filteroptions

2019-11-11 07:52:28 (Request took 0.036708116531372s)\r\nBiltorvet API: uforudset responskode (502)
URL: https://api-v1.autoit.dk/vehicle/filteroptions

2019-11-11 07:52:40 (Request took 0.03693413734436s)\r\nBiltorvet API: uforudset responskode (502)
URL: https://api-v1.autoit.dk/vehicle/filteroptions

2019-11-11 07:53:41 (Request took 0.030053853988647s)\r\nBiltorvet API: uforudset responskode (502)
URL: https://api-v1.autoit.dk/vehicle/filteroptions

2019-11-11 07:53:54 (Request took 0.067113876342773s)\r\nBiltorvet API: uforudset responskode (502)
URL: https://api-v1.autoit.dk/vehicle/filteroptions

2019-11-11 07:54:06 (Request took 0.027565002441406s)\r\nBiltorvet API: uforudset responskode (502)
URL: https://api-v1.autoit.dk/vehicle/filteroptions

2019-11-11 07:54:31 (Request took 0.026600122451782s)\r\nBiltorvet API: uforudset responskode (502)
URL: https://api-v1.autoit.dk/vehicle/filteroptions

2019-11-11 07:54:40 (Request took 0.027350187301636s)\r\nBiltorvet API: uforudset responskode (502)
URL: https://api-v1.autoit.dk/vehicle/filteroptions

2019-11-11 07:54:43 (Request took 0.029419183731079s)\r\nBiltorvet API: uforudset responskode (502)
URL: https://api-v1.autoit.dk/vehicle/filteroptions

2019-11-11 07:54:53 (Request took 0.029336929321289s)\r\nBiltorvet API: uforudset responskode (502)
URL: https://api-v1.autoit.dk/vehicle/filteroptions

2019-11-11 07:57:12 (Request took 0.035640954971313s)\r\nBiltorvet API: uforudset responskode (502)
URL: https://api-v1.autoit.dk/vehicle/filteroptions

2019-11-11 07:57:17 (Request took 0.028568029403687s)\r\nBiltorvet API: uforudset responskode (502)
URL: https://api-v1.autoit.dk/vehicle/filteroptions

2019-11-11 07:57:54 (Request took 0.11522603034973s)\r\nBiltorvet API: uforudset responskode (502)
URL: https://api-v1.autoit.dk/vehicle/filteroptions

2019-11-11 07:58:13 (Request took 0.026203155517578s)\r\nBiltorvet API: uforudset responskode (502)
URL: https://api-v1.autoit.dk/vehicle/filteroptions

2019-11-11 08:01:34 (Request took 0.031286001205444s)\r\nBiltorvet API: uforudset responskode (502)
URL: https://api-v1.autoit.dk/vehicle/filteroptions

2019-11-11 08:01:53 (Request took 0.027858972549438s)\r\nBiltorvet API: uforudset responskode (502)
URL: https://api-v1.autoit.dk/vehicle/filteroptions

2019-11-11 08:04:09 (Request took 0.1003041267395s)\r\nBiltorvet API: uforudset responskode (502)
URL: https://api-v1.autoit.dk/vehicle/filteroptions

2019-11-11 08:06:07 (Request took 0.027914047241211s)\r\nBiltorvet API: uforudset responskode (502)
URL: https://api-v1.autoit.dk/vehicle/filteroptions

2019-11-11 08:06:12 (Request took 0.029768943786621s)\r\nBiltorvet API: uforudset responskode (502)
URL: https://api-v1.autoit.dk/vehicle/filteroptions

2019-11-11 08:07:54 (Request took 0.037127017974854s)\r\nBiltorvet API: uforudset responskode (502)
URL: https://api-v1.autoit.dk/vehicle/filteroptions

2019-11-11 08:07:58 (Request took 0.034816026687622s)\r\nBiltorvet API: uforudset responskode (502)
URL: https://api-v1.autoit.dk/vehicle/filteroptions

2019-11-11 08:09:19 (Request took 0.042661905288696s)\r\nBiltorvet API: uforudset responskode (502)
URL: https://api-v1.autoit.dk/vehicle/filteroptions

2019-11-11 08:09:23 (Request took 0.026144981384277s)\r\nBiltorvet API: uforudset responskode (502)
URL: https://api-v1.autoit.dk/vehicle/filteroptions

2019-11-11 08:14:06 (Request took 0.02797794342041s)\r\nBiltorvet API: uforudset responskode (502)
URL: https://api-v1.autoit.dk/vehicle/filteroptions

2019-11-11 08:14:16 (Request took 0.030881881713867s)\r\nBiltorvet API: uforudset responskode (502)
URL: https://api-v1.autoit.dk/vehicle/filteroptions

2019-11-11 08:14:20 (Request took 0.10731101036072s)\r\nBiltorvet API: uforudset responskode (502)
URL: https://api-v1.autoit.dk/vehicle/filteroptions

2019-11-11 08:15:01 (Request took 0.039839029312134s)\r\nBiltorvet API: uforudset responskode (502)
URL: https://api-v1.autoit.dk/vehicle/filteroptions

2019-11-11 08:15:13 (Request took 0.033545017242432s)\r\nBiltorvet API: uforudset responskode (502)
URL: https://api-v1.autoit.dk/vehicle/filteroptions

2019-11-11 08:17:01 (Request took 0.037997961044312s)\r\nBiltorvet API: uforudset responskode (502)
URL: https://api-v1.autoit.dk/vehicle/filteroptions

2019-11-11 08:17:10 (Request took 0.037626028060913s)\r\nBiltorvet API: uforudset responskode (502)
URL: https://api-v1.autoit.dk/vehicle/filteroptions

2019-11-11 08:17:22 (Request took 0.038094043731689s)\r\nBiltorvet API: uforudset responskode (502)
URL: https://api-v1.autoit.dk/vehicle/filteroptions

2019-11-11 08:17:27 (Request took 0.038505077362061s)\r\nBiltorvet API: uforudset responskode (502)
URL: https://api-v1.autoit.dk/vehicle/filteroptions

2019-11-11 08:18:52 (Request took 0.027578830718994s)\r\nBiltorvet API: uforudset responskode (502)
URL: https://api-v1.autoit.dk/vehicle/filteroptions

2019-11-11 08:19:02 (Request took 0.031744003295898s)\r\nBiltorvet API: uforudset responskode (502)
URL: https://api-v1.autoit.dk/vehicle/filteroptions

2019-11-11 08:19:07 (Request took 0.03315281867981s)\r\nBiltorvet API: uforudset responskode (502)
URL: https://api-v1.autoit.dk/vehicle/filteroptions

2019-11-11 08:19:15 (Request took 0.038280010223389s)\r\nBiltorvet API: uforudset responskode (502)
URL: https://api-v1.autoit.dk/vehicle/filteroptions

2019-11-11 08:19:31 (Request took 0.026489973068237s)\r\nBiltorvet API: uforudset responskode (502)
URL: https://api-v1.autoit.dk/vehicle/filteroptions

2019-11-11 08:19:45 (Request took 0.027981042861938s)\r\nBiltorvet API: uforudset responskode (502)
URL: https://api-v1.autoit.dk/vehicle/filteroptions

2019-11-11 08:19:53 (Request took 0.040467977523804s)\r\nBiltorvet API: uforudset responskode (502)
URL: https://api-v1.autoit.dk/vehicle/filteroptions

2019-11-11 08:25:17 (Request took 0.027768850326538s)\r\nBiltorvet API: uforudset responskode (502)
URL: https://api-v1.autoit.dk/vehicle/filteroptions

2019-11-11 08:25:21 (Request took 0.029676198959351s)\r\nBiltorvet API: uforudset responskode (502)
URL: https://api-v1.autoit.dk/vehicle/filteroptions

2019-11-11 08:25:26 (Request took 0.0295729637146s)\r\nBiltorvet API: uforudset responskode (502)
URL: https://api-v1.autoit.dk/vehicle/filteroptions

2019-11-11 08:52:15 (Request took 0.038328886032104s)\r\nBiltorvet API: uforudset responskode (502)
URL: https://api-v1.autoit.dk/vehicle/filteroptions

2019-11-11 08:52:20 (Request took 0.029561042785645s)\r\nBiltorvet API: uforudset responskode (502)
URL: https://api-v1.autoit.dk/vehicle/filteroptions

2019-11-11 08:53:21 (Request took 0.044090032577515s)\r\nBiltorvet API: uforudset responskode (502)
URL: https://api-v1.autoit.dk/vehicle/filteroptions

2019-11-11 08:53:25 (Request took 0.036314010620117s)\r\nBiltorvet API: uforudset responskode (502)
URL: https://api-v1.autoit.dk/vehicle/filteroptions

2019-11-11 08:54:00 (Request took 0.03028392791748s)\r\nBiltorvet API: uforudset responskode (502)
URL: https://api-v1.autoit.dk/vehicle/filteroptions

2019-11-11 08:54:09 (Request took 0.028042078018188s)\r\nBiltorvet API: uforudset responskode (502)
URL: https://api-v1.autoit.dk/vehicle/filteroptions

2019-11-11 08:54:36 (Request took 0.027559995651245s)\r\nBiltorvet API: uforudset responskode (502)
URL: https://api-v1.autoit.dk/vehicle/filteroptions

2019-11-11 08:54:41 (Request took 0.026952981948853s)\r\nBiltorvet API: uforudset responskode (502)
URL: https://api-v1.autoit.dk/vehicle/filteroptions

2019-11-11 08:57:37 (Request took 0.027561902999878s)\r\nBiltorvet API: uforudset responskode (502)
URL: https://api-v1.autoit.dk/vehicle/filteroptions

2019-11-11 08:57:41 (Request took 0.027784109115601s)\r\nBiltorvet API: uforudset responskode (502)
URL: https://api-v1.autoit.dk/vehicle/filteroptions

2019-11-11 08:57:57 (Request took 0.044716119766235s)\r\nBiltorvet API: uforudset responskode (502)
URL: https://api-v1.autoit.dk/vehicle/filteroptions

2019-11-11 08:58:03 (Request took 0.035717964172363s)\r\nBiltorvet API: uforudset responskode (502)
URL: https://api-v1.autoit.dk/vehicle/filteroptions

2019-11-11 08:58:20 (Request took 0.027362108230591s)\r\nBiltorvet API: uforudset responskode (502)
URL: https://api-v1.autoit.dk/vehicle/filteroptions

2019-11-11 08:58:25 (Request took 0.036534070968628s)\r\nBiltorvet API: uforudset responskode (502)
URL: https://api-v1.autoit.dk/vehicle/filteroptions

2019-11-11 08:58:29 (Request took 0.02741003036499s)\r\nBiltorvet API: uforudset responskode (502)
URL: https://api-v1.autoit.dk/vehicle/filteroptions

2019-11-11 08:58:54 (Request took 0.027933120727539s)\r\nBiltorvet API: uforudset responskode (502)
URL: https://api-v1.autoit.dk/vehicle/filteroptions

2019-11-11 08:59:00 (Request took 0.027292966842651s)\r\nBiltorvet API: uforudset responskode (502)
URL: https://api-v1.autoit.dk/vehicle/filteroptions

2019-11-11 09:03:55 (Request took 0.043981075286865s)\r\nBiltorvet API: uforudset responskode (502)
URL: https://api-v1.autoit.dk/vehicle

2019-11-11 09:04:02 (Request took 0.030984878540039s)\r\nBiltorvet API: uforudset responskode (502)
URL: https://api-v1.autoit.dk/vehicle

2019-11-11 09:04:30 (Request took 0.038869142532349s)\r\nBiltorvet API: uforudset responskode (502)
URL: https://api-v1.autoit.dk/vehicle/filteroptions

2019-11-11 09:04:37 (Request took 0.028515100479126s)\r\nBiltorvet API: uforudset responskode (502)
URL: https://api-v1.autoit.dk/vehicle/filteroptions

2019-11-11 09:04:51 (Request took 0.02693510055542s)\r\nBiltorvet API: uforudset responskode (502)
URL: https://api-v1.autoit.dk/vehicle/filteroptions

2019-11-11 09:04:56 (Request took 0.026575088500977s)\r\nBiltorvet API: uforudset responskode (502)
URL: https://api-v1.autoit.dk/vehicle/filteroptions

2019-11-11 09:09:17 (Request took 0.036921977996826s)\r\nBiltorvet API: uforudset responskode (502)
URL: https://api-v1.autoit.dk/vehicle

2019-11-11 09:09:20 (Request took 0.034034967422485s)\r\nBiltorvet API: uforudset responskode (502)
URL: https://api-v1.autoit.dk/vehicle

2019-11-11 09:09:38 (Request took 0.036206007003784s)\r\nBiltorvet API: uforudset responskode (502)
URL: https://api-v1.autoit.dk/vehicle

2019-11-11 09:10:17 (Request took 0.028308153152466s)\r\nBiltorvet API: uforudset responskode (502)
URL: https://api-v1.autoit.dk/vehicle/filteroptions

2019-11-11 09:10:26 (Request took 0.032402038574219s)\r\nBiltorvet API: uforudset responskode (502)
URL: https://api-v1.autoit.dk/vehicle/filteroptions

2019-11-11 09:10:33 (Request took 0.027019023895264s)\r\nBiltorvet API: uforudset responskode (502)
URL: https://api-v1.autoit.dk/vehicle/filteroptions

2019-11-11 09:10:38 (Request took 0.037682056427002s)\r\nBiltorvet API: uforudset responskode (502)
URL: https://api-v1.autoit.dk/vehicle/filteroptions

2019-11-11 09:12:06 (Request took 0.047385215759277s)\r\nBiltorvet API: uforudset responskode (502)
URL: https://api-v1.autoit.dk/vehicle/filteroptions

2019-11-11 09:12:14 (Request took 0.028337955474854s)\r\nBiltorvet API: uforudset responskode (502)
URL: https://api-v1.autoit.dk/vehicle/filteroptions

2019-11-11 09:12:28 (Request took 0.029207944869995s)\r\nBiltorvet API: uforudset responskode (502)
URL: https://api-v1.autoit.dk/vehicle/filteroptions

2019-11-11 09:12:39 (Request took 0.02570915222168s)\r\nBiltorvet API: uforudset responskode (502)
URL: https://api-v1.autoit.dk/vehicle/filteroptions

2019-11-11 09:16:00 (Request took 0.04033899307251s)\r\nBiltorvet API: uforudset responskode (502)
URL: https://api-v1.autoit.dk/vehicle/filteroptions

2019-11-11 09:27:10 (Request took 0.03125786781311s)\r\nBiltorvet API: uforudset responskode (502)
URL: https://api-v1.autoit.dk/vehicle/filteroptions

2019-11-11 09:27:19 (Request took 0.037313938140869s)\r\nBiltorvet API: uforudset responskode (502)
URL: https://api-v1.autoit.dk/vehicle/filteroptions

2019-11-11 09:27:24 (Request took 0.02773904800415s)\r\nBiltorvet API: uforudset responskode (502)
URL: https://api-v1.autoit.dk/vehicle/filteroptions

2019-11-11 10:15:01 (Request took 0.065461874008179s)\r\nBiltorvet API: uforudset responskode (502)
URL: https://api-v1.autoit.dk/vehicle/filteroptions

2019-11-11 10:15:16 (Request took 0.026746034622192s)\r\nBiltorvet API: uforudset responskode (502)
URL: https://api-v1.autoit.dk/vehicle/filteroptions

2019-11-11 10:15:38 (Request took 0.028900861740112s)\r\nBiltorvet API: uforudset responskode (502)
URL: https://api-v1.autoit.dk/vehicle/filteroptions

2019-11-11 10:16:26 (Request took 0.028186798095703s)\r\nBiltorvet API: uforudset responskode (502)
URL: https://api-v1.autoit.dk/vehicle/filteroptions

2019-11-11 10:23:01 (Request took 0.036412000656128s)\r\nBiltorvet API: uforudset responskode (502)
URL: https://api-v1.autoit.dk/vehicle/filteroptions

2019-11-11 10:23:21 (Request took 0.028228044509888s)\r\nBiltorvet API: uforudset responskode (502)
URL: https://api-v1.autoit.dk/vehicle/filteroptions

2019-11-11 10:23:45 (Request took 0.029195070266724s)\r\nBiltorvet API: uforudset responskode (502)
URL: https://api-v1.autoit.dk/vehicle/filteroptions

2019-11-11 10:34:43 (Request took 0.038488864898682s)\r\nBiltorvet API: uforudset responskode (502)
URL: https://api-v1.autoit.dk/vehicle/filteroptions

2019-11-11 10:38:39 (Request took 0.026883840560913s)\r\nBiltorvet API: uforudset responskode (502)
URL: https://api-v1.autoit.dk/vehicle/filteroptions

2019-11-11 10:39:25 (Request took 0.028841972351074s)\r\nBiltorvet API: uforudset responskode (502)
URL: https://api-v1.autoit.dk/vehicle/filteroptions

2019-11-11 10:44:20 (Request took 0.027342081069946s)\r\nBiltorvet API: uforudset responskode (502)
URL: https://api-v1.autoit.dk/vehicle/filteroptions

2019-11-11 10:48:27 (Request took 0.038573026657104s)\r\nBiltorvet API: uforudset responskode (502)
URL: https://api-v1.autoit.dk/vehicle/filteroptions

2019-11-11 10:48:56 (Request took 0.027662038803101s)\r\nBiltorvet API: uforudset responskode (502)
URL: https://api-v1.autoit.dk/vehicle/filteroptions

2019-11-11 10:49:12 (Request took 0.027141094207764s)\r\nBiltorvet API: uforudset responskode (502)
URL: https://api-v1.autoit.dk/vehicle/filteroptions

2019-11-11 10:49:29 (Request took 0.14766097068787s)\r\nBiltorvet API: uforudset responskode (502)
URL: https://api-v1.autoit.dk/vehicle/filteroptions

2019-11-11 10:49:54 (Request took 0.026790857315063s)\r\nBiltorvet API: uforudset responskode (502)
URL: https://api-v1.autoit.dk/vehicle/filteroptions

2019-11-11 10:50:26 (Request took 0.027304887771606s)\r\nBiltorvet API: uforudset responskode (502)
URL: https://api-v1.autoit.dk/vehicle/filteroptions

2019-11-11 10:50:34 (Request took 0.0277099609375s)\r\nBiltorvet API: uforudset responskode (502)
URL: https://api-v1.autoit.dk/vehicle/filteroptions

2019-11-11 10:50:59 (Request took 0.031369924545288s)\r\nBiltorvet API: uforudset responskode (502)
URL: https://api-v1.autoit.dk/vehicle/filteroptions

2019-11-11 10:51:41 (Request took 0.030374050140381s)\r\nBiltorvet API: uforudset responskode (502)
URL: https://api-v1.autoit.dk/vehicle/filteroptions

2019-11-11 10:52:59 (Request took 0.026933193206787s)\r\nBiltorvet API: uforudset responskode (502)
URL: https://api-v1.autoit.dk/vehicle/filteroptions

2019-11-11 10:54:07 (Request took 0.027055978775024s)\r\nBiltorvet API: uforudset responskode (502)
URL: https://api-v1.autoit.dk/vehicle/filteroptions

2019-11-11 11:38:02 (Request took 0.029470920562744s)\r\nBiltorvet API: uforudset responskode (502)
URL: https://api-v1.autoit.dk/vehicle/filteroptions

2019-11-11 11:39:01 (Request took 0.03849983215332s)\r\nBiltorvet API: uforudset responskode (502)
URL: https://api-v1.autoit.dk/vehicle/filteroptions

2019-11-11 11:41:04 (Request took 0.034918069839478s)\r\nBiltorvet API: uforudset responskode (502)
URL: https://api-v1.autoit.dk/vehicle/filteroptions

2019-11-11 11:42:47 (Request took 0.029728174209595s)\r\nBiltorvet API: uforudset responskode (502)
URL: https://api-v1.autoit.dk/vehicle/filteroptions

2019-11-11 11:44:55 (Request took 0.027987957000732s)\r\nBiltorvet API: uforudset responskode (502)
URL: https://api-v1.autoit.dk/vehicle/filteroptions

2019-11-11 11:45:11 (Request took 0.039070844650269s)\r\nBiltorvet API: uforudset responskode (502)
URL: https://api-v1.autoit.dk/vehicle/filteroptions

2019-11-11 11:46:58 (Request took 0.036192893981934s)\r\nBiltorvet API: uforudset responskode (502)
URL: https://api-v1.autoit.dk/vehicle/filteroptions

2019-11-12 11:57:05 (Request took 0.036657094955444s)\r\nBiltorvet API: metoden blev ikke fundet
URL: https://api-v1.autoit.dk/vehicle/recommended

2019-11-12 11:57:53 (Request took 0.027329921722412s)\r\nBiltorvet API: metoden blev ikke fundet
URL: https://api-v1.autoit.dk/vehicle/recommended

2019-11-12 11:57:59 (Request took 0.029322147369385s)\r\nBiltorvet API: metoden blev ikke fundet
URL: https://api-v1.autoit.dk/vehicle/recommended

2019-11-12 11:58:15 (Request took 0.026194095611572s)\r\nBiltorvet API: metoden blev ikke fundet
URL: https://api-v1.autoit.dk/vehicle/recommended

2019-11-12 11:58:20 (Request took 0.037230968475342s)\r\nBiltorvet API: uforudset responskode (502)
URL: https://api-v1.autoit.dk/vehicle/filteroptions

2019-11-12 11:58:30 (Request took 0.037758111953735s)\r\nBiltorvet API: uforudset responskode (502)
URL: https://api-v1.autoit.dk/vehicle/filteroptions

2019-11-12 12:02:27 (Request took 0.14451098442078s)\r\nBiltorvet API: metoden blev ikke fundet
URL: https://api-v1.autoit.dk/vehicle/recommended

2019-11-12 12:02:42 (Request took 0.043664932250977s)\r\nBiltorvet API: metoden blev ikke fundet
URL: https://api-v1.autoit.dk/vehicle/recommended

2019-11-12 12:03:03 (Request took 0.036957025527954s)\r\nBiltorvet API: metoden blev ikke fundet
URL: https://api-v1.autoit.dk/vehicle/recommended

2019-11-12 12:03:15 (Request took 0.027611970901489s)\r\nBiltorvet API: metoden blev ikke fundet
URL: https://api-v1.autoit.dk/vehicle/recommended

2019-11-12 12:04:50 (Request took 0.037938117980957s)\r\nBiltorvet API: uforudset responskode (502)
URL: https://api-v1.autoit.dk/vehicle/filteroptions

2019-11-12 12:44:20 (Request took 0.0366370677948s)\r\nBiltorvet API: uforudset responskode (502)
URL: https://api-v1.autoit.dk/vehicle/filteroptions

2019-11-12 12:44:28 (Request took 0.035999774932861s)\r\nBiltorvet API: uforudset responskode (502)
URL: https://api-v1.autoit.dk/vehicle/filteroptions

2019-11-12 12:44:32 (Request took 0.030500888824463s)\r\nBiltorvet API: uforudset responskode (502)
URL: https://api-v1.autoit.dk/vehicle/filteroptions

2019-11-12 12:59:42 (Request took 0.027486085891724s)\r\nBiltorvet API: uforudset responskode (502)
URL: https://api-v1.autoit.dk/vehicle/filteroptions

2019-11-12 13:21:21 (Request took 0.089085817337036s)\r\nBiltorvet API: ikke autoriseret
URL: https://api-v1.autoit.dk/products?ad071226-49dd-4502-b9c8-3b54a0a44329

2019-11-14 08:45:42 (Request took 0.037158012390137s)\r\nBiltorvet API: uforudset responskode (502)
URL: https://api-v1.autoit.dk/vehicle/filteroptions

2019-11-14 09:57:52 (Request took 0.037122964859009s)\r\nBiltorvet API: metoden blev ikke fundet
URL: https://api-v1.autoit.dk/vehicle/recommended

2019-11-14 09:58:14 (Request took 0.0399169921875s)\r\nBiltorvet API: metoden blev ikke fundet
URL: https://api-v1.autoit.dk/vehicle/recommended

2019-11-14 11:33:23 (Request took 0.026551008224487s)\r\nBiltorvet API: uforudset responskode (502)
URL: https://api-v1.autoit.dk/vehicle/filteroptions

2019-11-14 11:46:15 (Request took 0.035787105560303s)\r\nBiltorvet API: uforudset responskode (502)
URL: https://api-v1.autoit.dk/vehicle/filteroptions

2019-11-14 12:08:27 (Request took 0.026944875717163s)\r\nBiltorvet API: metoden blev ikke fundet
URL: https://api-v1.autoit.dk/vehicle/recommended

2019-11-14 12:08:37 (Request took 0.044692039489746s)\r\nBiltorvet API: metoden blev ikke fundet
URL: https://api-v1.autoit.dk/vehicle/recommended

2019-11-14 12:08:39 (Request took 0.036231994628906s)\r\nBiltorvet API: metoden blev ikke fundet
URL: https://api-v1.autoit.dk/vehicle/recommended

2019-11-14 12:08:43 (Request took 0.037354946136475s)\r\nBiltorvet API: metoden blev ikke fundet
URL: https://api-v1.autoit.dk/vehicle/recommended

2019-11-14 12:08:45 (Request took 0.038878917694092s)\r\nBiltorvet API: metoden blev ikke fundet
URL: https://api-v1.autoit.dk/vehicle/recommended

2019-11-14 12:08:52 (Request took 0.037504911422729s)\r\nBiltorvet API: metoden blev ikke fundet
URL: https://api-v1.autoit.dk/vehicle/recommended

2019-11-14 12:09:08 (Request took 0.036777019500732s)\r\nBiltorvet API: metoden blev ikke fundet
URL: https://api-v1.autoit.dk/vehicle/recommended

2019-11-14 12:09:21 (Request took 0.034642934799194s)\r\nBiltorvet API: uforudset responskode (502)
URL: https://api-v1.autoit.dk/vehicle/filteroptions

2019-11-14 12:09:38 (Request took 0.037018775939941s)\r\nBiltorvet API: metoden blev ikke fundet
URL: https://api-v1.autoit.dk/vehicle/recommended

2019-11-15 07:02:00 (Request took 0.057358980178833s)\r\nBiltorvet API: uforudset responskode (502)
URL: https://api-v1.autoit.dk/vehicle/filteroptions

2019-11-15 07:06:20 (Request took 0.039057016372681s)\r\nBiltorvet API: uforudset responskode (502)
URL: https://api-v1.autoit.dk/vehicle/filteroptions

2019-11-15 07:07:17 (Request took 0.094110012054443s)\r\nBiltorvet API: uforudset responskode (502)
URL: https://api-v1.autoit.dk/vehicle/filteroptions

2019-11-15 07:07:24 (Request took 0.039785146713257s)\r\nBiltorvet API: uforudset responskode (502)
URL: https://api-v1.autoit.dk/vehicle/filteroptions

2019-11-15 07:07:35 (Request took 0.028902053833008s)\r\nBiltorvet API: uforudset responskode (502)
URL: https://api-v1.autoit.dk/vehicle/filteroptions

2019-11-15 07:09:20 (Request took 0.034954071044922s)\r\nBiltorvet API: uforudset responskode (502)
URL: https://api-v1.autoit.dk/vehicle/filteroptions

2019-11-15 07:14:18 (Request took 0.027477025985718s)\r\nBiltorvet API: metoden blev ikke fundet
URL: https://api-v1.autoit.dk/vehicle/recommended

2019-11-15 07:34:24 (Request took 0.039660215377808s)\r\nBiltorvet API: uforudset responskode (502)
URL: https://api-v1.autoit.dk/vehicle/filteroptions

2019-11-15 09:15:25 (Request took 0.10306286811829s)\r\nBiltorvet API: metoden blev ikke fundet
URL: https://api-v1.autoit.dk/vehicle/recommended

2019-11-15 09:15:34 (Request took 0.094516038894653s)\r\nBiltorvet API: metoden blev ikke fundet
URL: https://api-v1.autoit.dk/vehicle/recommended

2019-11-15 11:55:24 (Request took 0.028100967407227s)\r\nBiltorvet API: metoden blev ikke fundet
URL: https://api-v1.autoit.dk/vehicle/recommended

2019-11-18 13:17:30 (Request took 0.030735969543457s)\r\nBiltorvet API: uforudset responskode (502)
URL: https://api-v1.autoit.dk/vehicle/filteroptions

2019-11-18 14:24:48 (Request took 0.030899047851562s)\r\nBiltorvet API: uforudset responskode (502)
URL: https://api-v1.autoit.dk/vehicle/filteroptions

2019-11-18 14:26:24 (Request took 0.034440994262695s)\r\nBiltorvet API: uforudset responskode (502)
URL: https://api-v1.autoit.dk/vehicle/filteroptions

2019-11-18 14:26:33 (Request took 0.041244983673096s)\r\nBiltorvet API: uforudset responskode (502)
URL: https://api-v1.autoit.dk/vehicle/filteroptions

2019-11-18 14:26:52 (Request took 0.03193187713623s)\r\nBiltorvet API: uforudset responskode (502)
URL: https://api-v1.autoit.dk/vehicle/filteroptions

2019-11-18 14:27:06 (Request took 0.028637886047363s)\r\nBiltorvet API: uforudset responskode (502)
URL: https://api-v1.autoit.dk/vehicle/filteroptions

2019-11-18 14:27:21 (Request took 0.032088041305542s)\r\nBiltorvet API: uforudset responskode (502)
URL: https://api-v1.autoit.dk/vehicle/filteroptions

2019-11-18 14:27:24 (Request took 0.030032157897949s)\r\nBiltorvet API: uforudset responskode (502)
URL: https://api-v1.autoit.dk/vehicle/filteroptions

2019-11-18 14:27:38 (Request took 0.032325029373169s)\r\nBiltorvet API: uforudset responskode (502)
URL: https://api-v1.autoit.dk/vehicle/filteroptions

2019-11-18 14:28:01 (Request took 0.028361082077026s)\r\nBiltorvet API: uforudset responskode (502)
URL: https://api-v1.autoit.dk/vehicle/filteroptions

2019-11-18 14:28:17 (Request took 0.035410165786743s)\r\nBiltorvet API: uforudset responskode (502)
URL: https://api-v1.autoit.dk/vehicle/filteroptions

2019-11-18 14:28:20 (Request took 0.035549879074097s)\r\nBiltorvet API: uforudset responskode (502)
URL: https://api-v1.autoit.dk/vehicle/filteroptions

2019-11-18 14:28:24 (Request took 0.028268814086914s)\r\nBiltorvet API: uforudset responskode (502)
URL: https://api-v1.autoit.dk/vehicle/filteroptions

2019-11-18 14:28:42 (Request took 0.029884099960327s)\r\nBiltorvet API: uforudset responskode (502)
URL: https://api-v1.autoit.dk/vehicle/filteroptions

2019-11-18 14:31:19 (Request took 0.028282880783081s)\r\nBiltorvet API: uforudset responskode (502)
URL: https://api-v1.autoit.dk/vehicle/filteroptions

2019-11-18 14:44:37 (Request took 0.026924133300781s)\r\nBiltorvet API: metoden blev ikke fundet
URL: https://api-v1.autoit.dk/vehicle/recommended

2019-11-18 14:45:04 (Request took 0.038542032241821s)\r\nBiltorvet API: metoden blev ikke fundet
URL: https://api-v1.autoit.dk/vehicle/recommended

2019-11-18 14:45:07 (Request took 0.031285047531128s)\r\nBiltorvet API: metoden blev ikke fundet
URL: https://api-v1.autoit.dk/vehicle/recommended

2019-11-19 07:03:04 (Request took 0.02956485748291s)\r\nBiltorvet API: uforudset responskode (502)
URL: https://api-v1.autoit.dk/vehicle/filteroptions

2019-11-19 07:05:12 (Request took 0.026369094848633s)\r\nBiltorvet API: metoden blev ikke fundet
URL: https://api-v1.autoit.dk/vehicle/recommended

2019-11-19 07:05:23 (Request took 0.026492118835449s)\r\nBiltorvet API: metoden blev ikke fundet
URL: https://api-v1.autoit.dk/vehicle/recommended

2019-11-19 07:56:06 (Request took 0.035181999206543s)\r\nBiltorvet API: metoden blev ikke fundet
URL: https://api-v1.autoit.dk/vehicle/recommended

2019-11-19 07:56:22 (Request took 0.035305023193359s)\r\nBiltorvet API: metoden blev ikke fundet
URL: https://api-v1.autoit.dk/vehicle/recommended

2019-11-19 08:08:32 (Request took 0.051050186157227s)\r\nBiltorvet API: metoden blev ikke fundet
URL: https://api-v1.autoit.dk/vehicle/recommended

2019-11-19 09:03:06 (Request took 0.029844999313354s)\r\nBiltorvet API: uforudset responskode (502)
URL: https://api-v1.autoit.dk/vehicle/filteroptions

2019-11-19 09:10:26 (Request took 0.037304162979126s)\r\nBiltorvet API: metoden blev ikke fundet
URL: https://api-v1.autoit.dk/vehicle/recommended

2019-11-19 09:12:15 (Request took 0.037136077880859s)\r\nBiltorvet API: uforudset responskode (502)
URL: https://api-v1.autoit.dk/vehicle/filteroptions

2019-11-19 09:13:07 (Request took 0.028292179107666s)\r\nBiltorvet API: uforudset responskode (502)
URL: https://api-v1.autoit.dk/vehicle/filteroptions

2019-11-19 09:14:00 (Request took 0.028333902359009s)\r\nBiltorvet API: uforudset responskode (502)
URL: https://api-v1.autoit.dk/vehicle/filteroptions

2019-11-19 09:14:22 (Request took 0.028510808944702s)\r\nBiltorvet API: uforudset responskode (502)
URL: https://api-v1.autoit.dk/vehicle/filteroptions

2019-11-19 09:23:38 (Request took 0.028911828994751s)\r\nBiltorvet API: uforudset responskode (502)
URL: https://api-v1.autoit.dk/vehicle/filteroptions

2019-11-19 09:24:00 (Request took 0.032075166702271s)\r\nBiltorvet API: uforudset responskode (502)
URL: https://api-v1.autoit.dk/vehicle/filteroptions

2019-11-19 11:56:22 (Request took 0.030030012130737s)\r\nBiltorvet API: uforudset responskode (502)
URL: https://api-v1.autoit.dk/vehicle/filteroptions

2019-11-19 12:46:21 (Request took 0.036349058151245s)\r\nBiltorvet API: uforudset responskode (502)
URL: https://api-v1.autoit.dk/vehicle/filteroptions

2019-11-19 12:46:45 (Request took 0.036878108978271s)\r\nBiltorvet API: uforudset responskode (502)
URL: https://api-v1.autoit.dk/vehicle/filteroptions

2019-11-19 12:48:12 (Request took 0.027498960494995s)\r\nBiltorvet API: uforudset responskode (502)
URL: https://api-v1.autoit.dk/vehicle/filteroptions

2019-11-19 12:48:31 (Request took 0.027495861053467s)\r\nBiltorvet API: uforudset responskode (502)
URL: https://api-v1.autoit.dk/vehicle/filteroptions

2019-11-19 12:48:57 (Request took 0.027651071548462s)\r\nBiltorvet API: uforudset responskode (502)
URL: https://api-v1.autoit.dk/vehicle/filteroptions

2019-11-19 12:49:15 (Request took 0.028311014175415s)\r\nBiltorvet API: uforudset responskode (502)
URL: https://api-v1.autoit.dk/vehicle/filteroptions

2019-11-19 12:59:55 (Request took 0.028594017028809s)\r\nBiltorvet API: uforudset responskode (502)
URL: https://api-v1.autoit.dk/vehicle/filteroptions

2019-11-21 07:44:37 (Request took 0.037765026092529s)\r\nBiltorvet API: uforudset responskode (502)
URL: https://api-v1.autoit.dk/vehicle/filteroptions

2019-11-21 07:45:57 (Request took 0.037676095962524s)\r\nBiltorvet API: uforudset responskode (502)
URL: https://api-v1.autoit.dk/vehicle/filteroptions

2019-11-21 07:46:35 (Request took 0.03835391998291s)\r\nBiltorvet API: uforudset responskode (502)
URL: https://api-v1.autoit.dk/vehicle/filteroptions

2019-11-21 07:48:28 (Request took 0.027758121490479s)\r\nBiltorvet API: uforudset responskode (502)
URL: https://api-v1.autoit.dk/vehicle/filteroptions

2019-11-21 07:57:23 (Request took 0.030733108520508s)\r\nBiltorvet API: uforudset responskode (502)
URL: https://api-v1.autoit.dk/vehicle/filteroptions

2019-11-21 07:57:34 (Request took 0.028952121734619s)\r\nBiltorvet API: uforudset responskode (502)
URL: https://api-v1.autoit.dk/vehicle/filteroptions

2019-11-21 07:57:49 (Request took 0.026437997817993s)\r\nBiltorvet API: uforudset responskode (502)
URL: https://api-v1.autoit.dk/vehicle/filteroptions

2019-11-21 07:57:56 (Request took 0.036190986633301s)\r\nBiltorvet API: uforudset responskode (502)
URL: https://api-v1.autoit.dk/vehicle/filteroptions

2019-11-21 07:58:03 (Request took 0.028887987136841s)\r\nBiltorvet API: uforudset responskode (502)
URL: https://api-v1.autoit.dk/vehicle/filteroptions

2019-11-21 08:00:33 (Request took 0.031200885772705s)\r\nBiltorvet API: uforudset responskode (502)
URL: https://api-v1.autoit.dk/vehicle/filteroptions

2019-11-21 08:00:41 (Request took 0.030457019805908s)\r\nBiltorvet API: uforudset responskode (502)
URL: https://api-v1.autoit.dk/vehicle/filteroptions

2019-11-21 08:00:50 (Request took 0.058398008346558s)\r\nBiltorvet API: uforudset responskode (502)
URL: https://api-v1.autoit.dk/vehicle/filteroptions

2019-11-21 08:01:43 (Request took 0.029278993606567s)\r\nBiltorvet API: uforudset responskode (502)
URL: https://api-v1.autoit.dk/vehicle/filteroptions

2019-11-21 12:19:08 (Request took 0.026907920837402s)\r\nBiltorvet API: uforudset responskode (502)
URL: https://api-v1.autoit.dk/vehicle/filteroptions

2019-11-21 12:23:56 (Request took 0.035167217254639s)\r\nBiltorvet API: uforudset responskode (502)
URL: https://api-v1.autoit.dk/vehicle/filteroptions

2019-11-21 12:25:32 (Request took 0.040321111679077s)\r\nBiltorvet API: uforudset responskode (502)
URL: https://api-v1.autoit.dk/vehicle/filteroptions

2019-11-21 12:26:58 (Request took 0.026231050491333s)\r\nBiltorvet API: metoden blev ikke fundet
URL: https://api-v1.autoit.dk/vehicle/recommended

2019-11-21 12:45:37 (Request took 0.04018497467041s)\r\nBiltorvet API: uforudset responskode (502)
URL: https://api-v1.autoit.dk/vehicle/filteroptions

2019-11-22 07:07:06 (Request took 0.039914846420288s)\r\nBiltorvet API: uforudset responskode (502)
URL: https://api-v1.autoit.dk/vehicle/filteroptions

2019-12-10 14:11:36 (Request took 0.031183004379272s)\r\nBiltorvet API: uforudset responskode (502)
URL: https://api-v1.autoit.dk/vehicle/filteroptions

2019-12-10 14:11:46 (Request took 0.030750036239624s)\r\nBiltorvet API: uforudset responskode (502)
URL: https://api-v1.autoit.dk/vehicle/filteroptions

2019-12-10 14:11:59 (Request took 0.027072906494141s)\r\nBiltorvet API: uforudset responskode (502)
URL: https://api-v1.autoit.dk/vehicle/filteroptions

2019-12-10 14:12:06 (Request took 0.036068916320801s)\r\nBiltorvet API: uforudset responskode (502)
URL: https://api-v1.autoit.dk/vehicle/filteroptions

2019-12-10 14:12:20 (Request took 0.028793096542358s)\r\nBiltorvet API: uforudset responskode (502)
URL: https://api-v1.autoit.dk/vehicle/filteroptions

2019-12-10 14:19:56 (Request took 0.030557870864868s)\r\nBiltorvet API: uforudset responskode (502)
URL: https://api-v1.autoit.dk/vehicle/filteroptions

2019-12-10 14:20:12 (Request took 0.028387069702148s)\r\nBiltorvet API: uforudset responskode (502)
URL: https://api-v1.autoit.dk/vehicle/filteroptions

2019-12-10 14:20:32 (Request took 0.026859045028687s)\r\nBiltorvet API: uforudset responskode (502)
URL: https://api-v1.autoit.dk/vehicle/filteroptions

2019-12-10 14:37:11 (Request took 0.036596059799194s)\r\nBiltorvet API: uforudset responskode (502)
URL: https://api-v1.autoit.dk/vehicle/filteroptions

2019-12-11 11:56:25 (Request took 10.009824991226s)\r\nBiltorvet API: can not connect to the server (28)
URL: https://api-v1.autoit.dk/vehicle/count

2019-12-11 11:56:36 (Request took 10.010382890701s)\r\nBiltorvet API: can not connect to the server (28)
URL: https://api-v1.autoit.dk/vehicle/filteroptions

2019-12-11 11:56:46 (Request took 10.00252199173s)\r\nBiltorvet API: can not connect to the server (28)
URL: https://api-v1.autoit.dk/vehicle/count

2019-12-15 18:40:18 (Request took 0.093985080718994s)\r\nBiltorvet API: metoden blev ikke fundet
URL: https://api-v1.autoit.dk/vehicle/recommended

2019-12-15 19:11:36 (Request took 0.11502981185913s)\r\nBiltorvet API: metoden blev ikke fundet
URL: https://api-v1.autoit.dk/vehicle/recommended

2020-01-15 10:18:44 (Request took 0.026385068893433s)\r\nBiltorvet API: metoden blev ikke fundet
URL: https://api-v1.autoit.dk/vehicle/recommended

2020-01-15 10:18:55 (Request took 0.027167081832886s)\r\nBiltorvet API: metoden blev ikke fundet
URL: https://api-v1.autoit.dk/vehicle/recommended

2020-01-16 10:45:32 (Request took 0.033074140548706s)\r\nBiltorvet API: metoden blev ikke fundet
URL: https://api-v1.autoit.dk/vehicle/recommended

2020-01-16 10:46:39 (Request took 0.039844036102295s)\r\nBiltorvet API: metoden blev ikke fundet
URL: https://api-v1.autoit.dk/vehicle/recommended

2020-01-16 10:46:51 (Request took 0.037968873977661s)\r\nBiltorvet API: metoden blev ikke fundet
URL: https://api-v1.autoit.dk/vehicle/recommended

2020-01-31 10:19:44 (Request took 0.038057088851929s)\r\nBiltorvet API: uforudset responskode (502)
URL: https://api-v1.autoit.dk/vehicle/filteroptions

2020-01-31 10:19:49 (Request took 0.028673887252808s)\r\nBiltorvet API: uforudset responskode (502)
URL: https://api-v1.autoit.dk/vehicle/filteroptions

2020-01-31 10:19:55 (Request took 0.029312133789062s)\r\nBiltorvet API: uforudset responskode (502)
URL: https://api-v1.autoit.dk/vehicle/filteroptions

2020-03-25 12:00:47 (Request took 0.13287901878357s)\r\nAutoIT API: metoden blev ikke fundet
URL: https://api-v1.autoit.dk/vehicle/featured

2020-03-25 12:01:00 (Request took 0.050076007843018s)\r\nAutoIT API: metoden blev ikke fundet
URL: https://api-v1.autoit.dk/vehicle/featured

2020-04-08 05:27:26 (Request took 10.026109933853s)\r\nBiltorvet API: can not connect to the server (28)
URL: http://localhost:53871//vehicle/count

2020-04-08 05:27:36 (Request took 10.033239841461s)\r\nBiltorvet API: can not connect to the server (28)
URL: http://localhost:53871//vehicle/filteroptions

2020-04-08 05:29:05 (Request took 2.44029712677s)\r\nBiltorvet API: unexpected response code (500)
URL: http://localhost:53871//vehicle/count

2020-04-08 05:29:05 (Request took 0.48222494125366s)\r\nBiltorvet API: unexpected response code (500)
URL: http://localhost:53871//vehicle/filteroptions

2020-04-08 05:29:08 (Request took 0.43735885620117s)\r\nBiltorvet API: unexpected response code (500)
URL: http://localhost:53871//vehicle/count

2020-04-08 05:29:09 (Request took 0.46753096580505s)\r\nBiltorvet API: unexpected response code (500)
URL: http://localhost:53871//vehicle/filteroptions

2020-04-08 05:29:47 (Request took 10.00278711319s)\r\nBiltorvet API: can not connect to the server (28)
URL: http://localhost:53871/vehicle/count

2020-04-08 05:29:57 (Request took 10.002348899841s)\r\nBiltorvet API: can not connect to the server (28)
URL: http://localhost:53871/vehicle/filteroptions

2020-04-08 05:43:40 (Request took 10.004894018173s)\r\nBiltorvet API: can not connect to the server (28)
URL: http://localhost:53871/vehicle/count

2020-04-08 05:43:50 (Request took 10.003769159317s)\r\nBiltorvet API: can not connect to the server (28)
URL: http://localhost:53871/vehicle/filteroptions

2020-04-08 05:44:05 (Request took 10.002337932587s)\r\nBiltorvet API: can not connect to the server (28)
URL: http://localhost:53871/vehicle/count

2020-04-08 05:44:15 (Request took 10.003453016281s)\r\nBiltorvet API: can not connect to the server (28)
URL: http://localhost:53871/vehicle/filteroptions

2020-04-08 05:46:08 (Request took 10.004035949707s)\r\nBiltorvet API: can not connect to the server (28)
URL: http://localhost:53871/vehicle/count

2020-04-08 05:46:18 (Request took 10.004139900208s)\r\nBiltorvet API: can not connect to the server (28)
URL: http://localhost:53871/vehicle/filteroptions

2020-04-08 05:46:38 (Request took 10.003131866455s)\r\nBiltorvet API: can not connect to the server (28)
URL: http://localhost:53871/vehicle/count

2020-04-08 05:46:48 (Request took 10.001506090164s)\r\nBiltorvet API: can not connect to the server (28)
URL: http://localhost:53871/vehicle/filteroptions

2020-04-08 05:48:06 (Request took 10.011057853699s)\r\nBiltorvet API: can not connect to the server (28)
URL: http://localhost:53871/vehicle/detail/AD2018498

2020-04-08 05:48:16 (Request took 10.001880168915s)\r\nBiltorvet API: can not connect to the server (28)
URL: http://localhost:53871/vehicle/detail/AD2018498

2020-04-08 05:48:27 (Request took 10.002796173096s)\r\nBiltorvet API: can not connect to the server (28)
URL: http://localhost:53871/vehicle/detail/AD2018498

2020-04-08 05:48:37 (Request took 10.001354932785s)\r\nBiltorvet API: can not connect to the server (28)
URL: http://localhost:53871/vehicle/detail/AD2018498

2020-04-08 05:48:45 (Request took 7.84552693367s)\r\nBiltorvet API: unexpected response code (500)
URL: http://localhost:53871/vehicle/detail/AD2018498

2020-04-08 05:48:46 (Request took 0.43284201622009s)\r\nBiltorvet API: unexpected response code (500)
URL: http://localhost:53871/vehicle/detail/AD2018498

2020-04-08 05:48:46 (Request took 0.51895713806152s)\r\nBiltorvet API: unexpected response code (500)
URL: http://localhost:53871/vehicle/detail/AD2018498

2020-04-08 05:48:47 (Request took 0.46935200691223s)\r\nBiltorvet API: unexpected response code (500)
URL: http://localhost:53871/vehicle/detail/AD2018498

2020-04-08 05:48:49 (Request took 0.46007108688354s)\r\nBiltorvet API: unexpected response code (500)
URL: http://localhost:53871/vehicle/recommended/AD2018498

2020-04-08 05:48:59 (Request took 10.002716064453s)\r\nBiltorvet API: can not connect to the server (28)
URL: http://localhost:53871/vehicle/detail/AD2018498

2020-04-08 05:49:09 (Request took 10.002103090286s)\r\nBiltorvet API: can not connect to the server (28)
URL: http://localhost:53871/vehicle/detail/AD2018498

2020-04-08 05:50:21 (Request took 10.002668857574s)\r\nBiltorvet API: can not connect to the server (28)
URL: http://localhost:53871/vehicle/detail/AD2018498

2020-04-08 05:50:31 (Request took 10.000900030136s)\r\nBiltorvet API: can not connect to the server (28)
URL: http://localhost:53871/vehicle/detail/AD2018498

2020-04-08 05:50:41 (Request took 10.001739025116s)\r\nBiltorvet API: can not connect to the server (28)
URL: http://localhost:53871/vehicle/detail/AD2018498

2020-04-08 05:50:51 (Request took 10.00167798996s)\r\nBiltorvet API: can not connect to the server (28)
URL: http://localhost:53871/vehicle/detail/AD2018498

2020-04-08 05:51:01 (Request took 10.00183391571s)\r\nBiltorvet API: can not connect to the server (28)
URL: http://localhost:53871/vehicle/detail/AD2018498

2020-04-08 05:51:09 (Request took 7.6942660808563s)\r\nBiltorvet API: unexpected response code (500)
URL: http://localhost:53871/vehicle/detail/AD2018498

2020-04-08 05:51:10 (Request took 0.49624705314636s)\r\nBiltorvet API: unexpected response code (500)
URL: http://localhost:53871/vehicle/count

2020-04-08 05:51:11 (Request took 0.5363290309906s)\r\nBiltorvet API: unexpected response code (500)
URL: http://localhost:53871/vehicle/filteroptions

2020-04-08 05:51:11 (Request took 0.47216892242432s)\r\nBiltorvet API: unexpected response code (500)
URL: http://localhost:53871/vehicle/detail/AD2018498

2020-04-08 05:51:12 (Request took 0.44212102890015s)\r\nBiltorvet API: unexpected response code (500)
URL: http://localhost:53871/vehicle/detail/AD2018498

2020-04-08 05:51:13 (Request took 0.4862859249115s)\r\nBiltorvet API: unexpected response code (500)
URL: http://localhost:53871/vehicle/detail/AD2018498

2020-04-08 05:51:23 (Request took 10.001767158508s)\r\nBiltorvet API: can not connect to the server (28)
URL: http://localhost:53871/vehicle/detail/AD2018498

2020-04-08 05:51:33 (Request took 10.001919031143s)\r\nBiltorvet API: can not connect to the server (28)
URL: http://localhost:53871/vehicle/detail/AD2018498

2020-04-08 05:51:43 (Request took 10.001291036606s)\r\nBiltorvet API: can not connect to the server (28)
URL: http://localhost:53871/vehicle/detail/AD2018498

2020-04-08 05:51:53 (Request took 10.001137971878s)\r\nBiltorvet API: can not connect to the server (28)
URL: http://localhost:53871/vehicle/detail/AD2018498

2020-04-08 05:52:03 (Request took 10.001284122467s)\r\nBiltorvet API: can not connect to the server (28)
URL: http://localhost:53871/vehicle/detail/AD2018498

2020-04-08 05:52:11 (Request took 6.8804349899292s)\r\nBiltorvet API: unexpected response code (500)
URL: http://localhost:53871/vehicle/count

2020-04-08 05:52:12 (Request took 0.51498079299927s)\r\nBiltorvet API: unexpected response code (500)
URL: http://localhost:53871/vehicle/filteroptions

2020-04-08 05:52:12 (Request took 0.55649280548096s)\r\nBiltorvet API: unexpected response code (500)
URL: http://localhost:53871/vehicle/detail/AD2018498

2020-04-08 05:52:13 (Request took 0.52215909957886s)\r\nBiltorvet API: unexpected response code (500)
URL: http://localhost:53871/vehicle/detail/AD2018498

2020-04-08 05:52:14 (Request took 0.54185080528259s)\r\nBiltorvet API: unexpected response code (500)
URL: http://localhost:53871/vehicle/detail/AD2018498

2020-04-08 05:52:14 (Request took 0.46725392341614s)\r\nBiltorvet API: unexpected response code (500)
URL: http://localhost:53871/vehicle/detail/AD2018498

2020-04-08 05:52:15 (Request took 0.49110412597656s)\r\nBiltorvet API: unexpected response code (500)
URL: http://localhost:53871/vehicle/detail/AD2018498

2020-04-08 05:52:25 (Request took 10.001344919205s)\r\nBiltorvet API: can not connect to the server (28)
URL: http://localhost:53871/vehicle/detail/AD2018498

2020-04-08 05:52:36 (Request took 10.002940893173s)\r\nBiltorvet API: can not connect to the server (28)
URL: http://localhost:53871/vehicle/count

2020-04-08 05:52:46 (Request took 10.003114938736s)\r\nBiltorvet API: can not connect to the server (28)
URL: http://localhost:53871/vehicle/filteroptions

2020-04-08 08:53:56 (Request took 10.027830123901s)\r\nBiltorvet API: can not connect to the server (28)
URL: http://localhost:53871/vehicle/count

2020-04-08 08:54:06 (Request took 10.02832198143s)\r\nBiltorvet API: can not connect to the server (28)
URL: http://localhost:53871/vehicle/filteroptions

2020-04-23 08:54:20 (Request took 10.008896112442s)\r\nBiltorvet API: can not connect to the server (28)
URL: http://localhost:53871/vehicle/count

2020-04-24 06:42:01 (Request took 10.811415910721s)\r\nBiltorvet API: can not connect to the server (28)
URL: http://localhost:53871/vehicle/count

2020-04-24 06:42:11 (Request took 10.00883603096s)\r\nBiltorvet API: can not connect to the server (28)
URL: http://localhost:53871/vehicle/filteroptions

2020-04-24 06:43:31 (Request took 10.002218961716s)\r\nBiltorvet API: can not connect to the server (28)
URL: http://localhost:53871/vehicle/count

2020-04-24 07:27:49 (Request took 10.010278940201s)\r\nBiltorvet API: can not connect to the server (28)
URL: http://localhost:53871/vehicle/count

2020-04-24 15:36:34 (Request took 10.009951114655s)\r\nBiltorvet API: can not connect to the server (28)
URL: http://localhost:53871/vehicle/count

2020-04-24 15:36:44 (Request took 10.009256839752s)\r\nBiltorvet API: can not connect to the server (28)
URL: http://localhost:53871/vehicle/filteroptions

2020-04-24 20:08:49 (Request took 0.01422381401062s)\r\nBiltorvet API: method not found
URL: http://localhost:53871/vehicle/count

2020-04-24 20:08:49 (Request took 0.031502962112427s)\r\nBiltorvet API: method not found
URL: http://localhost:53871/vehicle/filteroptions

2020-04-24 20:11:12 (Request took 0.0074801445007324s)\r\nBiltorvet API: method not found
URL: http://localhost:53871/vehicle/filteroptions

2020-04-24 20:29:03 (Request took 0.38235807418823s)\r\nBiltorvet API: unexpected response code (500)
URL: http://localhost:53871/vehicle/featured

2020-04-24 20:29:05 (Request took 0.43214797973633s)\r\nBiltorvet API: unexpected response code (500)
URL: http://localhost:53871/vehicle/filteroptions

2020-04-24 20:29:05 (Request took 0.39999198913574s)\r\nBiltorvet API: unexpected response code (500)
URL: http://localhost:53871/vehicle/filteroptions

2020-04-24 20:29:27 (Request took 0.35758495330811s)\r\nBiltorvet API: unexpected response code (500)
URL: http://localhost:53871/vehicle/featured

2020-04-24 20:29:29 (Request took 0.36264896392822s)\r\nBiltorvet API: unexpected response code (500)
URL: http://localhost:53871/vehicle/filteroptions

2020-04-24 20:29:29 (Request took 0.37582182884216s)\r\nBiltorvet API: unexpected response code (500)
URL: http://localhost:53871/vehicle/filteroptions

2020-04-24 20:29:57 (Request took 0.37392401695251s)\r\nBiltorvet API: unexpected response code (500)
URL: http://localhost:53871/vehicle/featured

2020-04-24 20:29:59 (Request took 0.37427496910095s)\r\nBiltorvet API: unexpected response code (500)
URL: http://localhost:53871/vehicle/filteroptions

2020-04-24 20:29:59 (Request took 0.36519813537598s)\r\nBiltorvet API: unexpected response code (500)
URL: http://localhost:53871/vehicle/filteroptions

2020-04-24 20:31:07 (Request took 0.379154920578s)\r\nBiltorvet API: unexpected response code (500)
URL: http://localhost:53871Resource id #53

2020-04-24 20:31:08 (Request took 0.35466909408569s)\r\nBiltorvet API: unexpected response code (500)
URL: http://localhost:53871Resource id #16

2020-04-24 20:31:09 (Request took 0.37789988517761s)\r\nBiltorvet API: unexpected response code (500)
URL: http://localhost:53871Resource id #16

2020-04-24 21:35:49 (Request took 0.017135858535767s)\r\nBiltorvet API: method not found
URL: http://localhost:53871/vehicle/recommended

2020-04-24 21:35:52 (Request took 0.014045000076294s)\r\nBiltorvet API: method not found
URL: http://localhost:53871/vehicle/recommended

2020-04-24 21:41:15 (Request took 0.015029907226562s)\r\nBiltorvet API: method not found
URL: http://localhost:53871/vehicle/recommended

2020-04-24 21:44:04 (Request took 0.0171799659729s)\r\nBiltorvet API: method not found
URL: http://localhost:53871/vehicle/recommended

2020-04-27 08:46:17 (Request took 10.003170967102s)\r\nBiltorvet API: can not connect to the server (28)
URL: http://localhost:53871/vehicle/count

2020-04-27 08:46:27 (Request took 10.002722978592s)\r\nBiltorvet API: can not connect to the server (28)
URL: http://localhost:53871/vehicle/filteroptions

2020-04-27 08:50:10 (Request took 3.4807589054108s)\r\nBiltorvet API: unexpected response code (502)
URL: http://localhost:53871/vehicle/filteroptions

2020-04-27 11:29:47 (Request took 0.081145048141479s)\r\nBiltorvet API: method not found
URL: http://localhost:53871/vehicle/recommended

2020-04-27 11:34:14 (Request took 0.072930097579956s)\r\nBiltorvet API: method not found
URL: http://localhost:53871/vehicle/recommended

2020-04-27 11:36:50 (Request took 0.014294862747192s)\r\nBiltorvet API: method not found
URL: http://localhost:53871/vehicle/recommended

2020-04-27 11:37:32 (Request took 0.01435399055481s)\r\nBiltorvet API: method not found
URL: http://localhost:53871/vehicle/recommended

2020-04-27 11:39:24 (Request took 0.024446964263916s)\r\nBiltorvet API: method not found
URL: http://localhost:53871/vehicle/recommended

2020-04-27 11:41:18 (Request took 0.013298988342285s)\r\nBiltorvet API: method not found
URL: http://localhost:53871/vehicle/recommended

2020-04-27 11:48:17 (Request took 0.029132843017578s)\r\nBiltorvet API: method not found
URL: http://localhost:53871/vehicle/recommended

2020-04-27 12:00:24 (Request took 0.01335597038269s)\r\nBiltorvet API: method not found
URL: http://localhost:53871/vehicle/recommended

2020-04-27 12:00:48 (Request took 0.016417980194092s)\r\nBiltorvet API: method not found
URL: http://localhost:53871/vehicle/recommended

2020-04-27 12:01:15 (Request took 0.015796899795532s)\r\nBiltorvet API: method not found
URL: http://localhost:53871/vehicle/recommended

2020-04-27 12:09:01 (Request took 0.023884057998657s)\r\nBiltorvet API: method not found
URL: http://localhost:53871/vehicle/recommended

2020-04-27 12:10:58 (Request took 0.025788068771362s)\r\nBiltorvet API: method not found
URL: http://localhost:53871/vehicle/recommended

2020-04-27 12:12:20 (Request took 0.025103092193604s)\r\nBiltorvet API: method not found
URL: http://localhost:53871/vehicle/recommended

2020-04-27 12:12:39 (Request took 0.013530969619751s)\r\nBiltorvet API: method not found
URL: http://localhost:53871/vehicle/recommended

2020-04-27 12:44:04 (Request took 0.027643918991089s)\r\nBiltorvet API: method not found
URL: http://localhost:53871/vehicle/recommended

2020-04-27 12:44:08 (Request took 0.013498067855835s)\r\nBiltorvet API: method not found
URL: http://localhost:53871/vehicle/recommended

2020-04-27 13:02:26 (Request took 0.014872074127197s)\r\nBiltorvet API: method not found
URL: http://localhost:53871/vehicle/recommended

2020-04-27 13:40:38 (Request took 0.063733100891113s)\r\nBiltorvet API: method not found
URL: http://localhost:53871/vehicle/recommended

2020-04-27 13:41:15 (Request took 0.014887094497681s)\r\nBiltorvet API: method not found
URL: http://localhost:53871/vehicle/recommended

2020-04-27 13:42:28 (Request took 0.013595104217529s)\r\nBiltorvet API: method not found
URL: http://localhost:53871/vehicle/recommended

2020-04-27 14:48:14 (Request took 0.01496696472168s)\r\nBiltorvet API: method not found
URL: http://localhost:53871/vehicle/recommended

2020-04-27 14:48:42 (Request took 0.014598846435547s)\r\nBiltorvet API: method not found
URL: http://localhost:53871/vehicle/recommended

2020-04-28 07:14:56 (Request took 3.2054030895233s)\r\nBiltorvet API: can not connect to the server (7)
URL: http://localhost:53871/vehicle/count

2020-04-28 07:15:00 (Request took 3.2056701183319s)\r\nBiltorvet API: can not connect to the server (7)
URL: http://localhost:53871/vehicle/filteroptions

2020-04-28 07:16:34 (Request took 10.001709938049s)\r\nBiltorvet API: can not connect to the server (28)
URL: http://localhost:53871/vehicle/detail/AD2018549

2020-04-28 07:16:42 (Request took 0.02007794380188s)\r\nBiltorvet API: method not found
URL: http://localhost:53871/vehicle/recommended

2020-04-28 07:24:21 (Request took 0.017196893692017s)\r\nBiltorvet API: method not found
URL: http://localhost:53871/vehicle/recommended

2020-04-28 07:26:04 (Request took 0.014847993850708s)\r\nBiltorvet API: method not found
URL: http://localhost:53871/vehicle/recommended

2020-04-28 07:28:07 (Request took 0.015810966491699s)\r\nBiltorvet API: method not found
URL: http://localhost:53871/vehicle/recommended

2020-04-28 07:33:44 (Request took 0.019103050231934s)\r\nBiltorvet API: method not found
URL: http://localhost:53871/vehicle/recommended

2020-04-28 07:33:50 (Request took 0.018877029418945s)\r\nBiltorvet API: method not found
URL: http://localhost:53871/vehicle/recommended

2020-04-28 07:36:07 (Request took 0.017675161361694s)\r\nBiltorvet API: method not found
URL: http://localhost:53871/vehicle/recommended

2020-04-28 07:39:10 (Request took 0.01772403717041s)\r\nBiltorvet API: method not found
URL: http://localhost:53871/vehicle/recommended

2020-04-28 07:39:40 (Request took 0.015455961227417s)\r\nBiltorvet API: method not found
URL: http://localhost:53871/vehicle/recommended

2020-04-28 07:42:43 (Request took 0.029121875762939s)\r\nBiltorvet API: method not found
URL: http://localhost:53871/vehicle/recommended

2020-04-28 07:52:18 (Request took 0.013615846633911s)\r\nBiltorvet API: method not found
URL: http://localhost:53871/vehicle/recommended

2020-04-28 07:53:25 (Request took 0.017554044723511s)\r\nBiltorvet API: method not found
URL: http://localhost:53871/vehicle/recommended

2020-04-28 07:54:05 (Request took 0.01589298248291s)\r\nBiltorvet API: method not found
URL: http://localhost:53871/vehicle/recommended

2020-04-28 07:54:53 (Request took 0.022692918777466s)\r\nBiltorvet API: method not found
URL: http://localhost:53871/vehicle/recommended

2020-04-28 08:07:45 (Request took 0.026710987091064s)\r\nBiltorvet API: method not found
URL: http://localhost:53871/vehicle/recommended

2020-04-28 09:50:42 (Request took 0.017690896987915s)\r\nBiltorvet API: method not found
URL: http://localhost:53871/vehicle/recommended

2020-04-28 10:13:41 (Request took 0.015998125076294s)\r\nBiltorvet API: method not found
URL: http://localhost:53871/vehicle/recommended

2020-04-28 10:14:33 (Request took 0.019566059112549s)\r\nBiltorvet API: method not found
URL: http://localhost:53871/vehicle/recommended

2020-04-28 10:14:39 (Request took 0.015768051147461s)\r\nBiltorvet API: method not found
URL: http://localhost:53871/vehicle/recommended

2020-04-28 10:19:04 (Request took 0.064793109893799s)\r\nBiltorvet API: method not found
URL: http://localhost:53871/vehicle/recommended

2020-04-28 10:19:16 (Request took 0.031107902526855s)\r\nBiltorvet API: method not found
URL: http://localhost:53871/vehicle/recommended

2020-04-28 10:27:31 (Request took 0.015422105789185s)\r\nBiltorvet API: method not found
URL: http://localhost:53871/vehicle/recommended

2020-04-28 10:28:16 (Request took 0.01592493057251s)\r\nBiltorvet API: method not found
URL: http://localhost:53871/vehicle/recommended

2020-04-28 10:34:50 (Request took 0.015744924545288s)\r\nBiltorvet API: method not found
URL: http://localhost:53871/vehicle/recommended

2020-04-28 10:40:17 (Request took 0.01788592338562s)\r\nBiltorvet API: method not found
URL: http://localhost:53871/vehicle/recommended

2020-04-28 10:41:01 (Request took 0.02859902381897s)\r\nBiltorvet API: method not found
URL: http://localhost:53871/vehicle/recommended

2020-04-28 10:41:23 (Request took 0.016896963119507s)\r\nBiltorvet API: method not found
URL: http://localhost:53871/vehicle/recommended

2020-04-28 10:43:12 (Request took 0.018993139266968s)\r\nBiltorvet API: method not found
URL: http://localhost:53871/vehicle/recommended

2020-04-28 10:46:09 (Request took 0.016678810119629s)\r\nBiltorvet API: method not found
URL: http://localhost:53871/vehicle/recommended

2020-04-28 10:51:21 (Request took 0.0155930519104s)\r\nBiltorvet API: method not found
URL: http://localhost:53871/vehicle/recommended

2020-04-28 10:59:50 (Request took 0.02433705329895s)\r\nBiltorvet API: method not found
URL: http://localhost:53871/vehicle/recommended

2020-04-28 11:01:00 (Request took 0.020359039306641s)\r\nBiltorvet API: method not found
URL: http://localhost:53871/vehicle/recommended

2020-04-28 12:15:55 (Request took 0.016995906829834s)\r\nBiltorvet API: method not found
URL: http://localhost:53871/vehicle/recommended

2020-04-28 12:16:29 (Request took 0.018846035003662s)\r\nBiltorvet API: method not found
URL: http://localhost:53871/vehicle/recommended

2020-04-28 12:16:47 (Request took 0.033524036407471s)\r\nBiltorvet API: method not found
URL: http://localhost:53871/vehicle/recommended

2020-04-28 12:17:07 (Request took 0.026287078857422s)\r\nBiltorvet API: method not found
URL: http://localhost:53871/vehicle/recommended

2020-04-28 12:18:51 (Request took 0.015643119812012s)\r\nBiltorvet API: method not found
URL: http://localhost:53871/vehicle/recommended

2020-04-28 12:21:34 (Request took 0.022804975509644s)\r\nBiltorvet API: method not found
URL: http://localhost:53871/vehicle/recommended

2020-04-28 12:22:03 (Request took 0.048715829849243s)\r\nBiltorvet API: method not found
URL: http://localhost:53871/vehicle/recommended

2020-04-28 12:22:19 (Request took 0.014255046844482s)\r\nBiltorvet API: method not found
URL: http://localhost:53871/vehicle/recommended

2020-04-28 12:22:29 (Request took 0.01670503616333s)\r\nBiltorvet API: method not found
URL: http://localhost:53871/vehicle/recommended

2020-04-28 16:57:13 (Request took 10.003288984299s)\r\nBiltorvet API: can not connect to the server (28)
URL: http://localhost:53871/vehicle/detail/AD2018549

2020-04-28 16:57:23 (Request took 10.001699924469s)\r\nBiltorvet API: can not connect to the server (28)
URL: http://localhost:53871/vehicle/detail/AD2018549

2020-04-28 16:57:33 (Request took 10.002032995224s)\r\nBiltorvet API: can not connect to the server (28)
URL: http://localhost:53871/vehicle/detail/AD2018549

2020-04-28 16:57:43 (Request took 10.001280069351s)\r\nBiltorvet API: can not connect to the server (28)
URL: http://localhost:53871/vehicle/detail/AD2018549

2020-04-28 16:57:52 (Request took 9.3223469257355s)\r\nBiltorvet API: unexpected response code (500)
URL: http://localhost:53871/vehicle/detail/AD2018549

2020-04-28 16:57:53 (Request took 0.59516286849976s)\r\nBiltorvet API: unexpected response code (500)
URL: http://localhost:53871/vehicle/detail/AD2018549

2020-04-29 06:27:46 (Request took 2.2077739238739s)\r\nBiltorvet API: can not connect to the server (7)
URL: http://localhost:53871/vehicle/count

2020-04-29 06:27:49 (Request took 3.2046978473663s)\r\nBiltorvet API: can not connect to the server (7)
URL: http://localhost:53871/vehicle/filteroptions

2020-04-29 06:35:25 (Request took 3.2044279575348s)\r\nBiltorvet API: can not connect to the server (7)
URL: http://localhost:53871/vehicle/count

2020-04-29 06:35:28 (Request took 3.2043650150299s)\r\nBiltorvet API: can not connect to the server (7)
URL: http://localhost:53871/vehicle/filteroptions

2020-04-29 06:37:17 (Request took 10.001973867416s)\r\nBiltorvet API: can not connect to the server (28)
URL: http://localhost:53871/vehicle/detail/AD2018549

2020-04-29 06:37:22 (Request took 0.024233102798462s)\r\nBiltorvet API: method not found
URL: http://localhost:53871/vehicle/recommended

2020-04-29 06:38:03 (Request took 0.013309001922607s)\r\nBiltorvet API: method not found
URL: http://localhost:53871/vehicle/recommended

2020-04-29 06:38:21 (Request took 0.011925935745239s)\r\nBiltorvet API: method not found
URL: http://localhost:53871/vehicle/recommended

2020-04-29 06:39:06 (Request took 0.025312900543213s)\r\nBiltorvet API: method not found
URL: http://localhost:53871/vehicle/recommended

2020-04-29 06:39:18 (Request took 0.023196935653687s)\r\nBiltorvet API: method not found
URL: http://localhost:53871/vehicle/recommended

2020-04-29 06:39:30 (Request took 0.039808034896851s)\r\nBiltorvet API: method not found
URL: http://localhost:53871/vehicle/recommended

2020-04-29 06:40:16 (Request took 0.013015985488892s)\r\nBiltorvet API: method not found
URL: http://localhost:53871/vehicle/recommended

2020-04-29 06:50:21 (Request took 0.014657020568848s)\r\nBiltorvet API: method not found
URL: http://localhost:53871/vehicle/recommended

2020-04-29 06:50:32 (Request took 0.015197038650513s)\r\nBiltorvet API: method not found
URL: http://localhost:53871/vehicle/recommended

2020-04-29 06:54:58 (Request took 0.024065017700195s)\r\nBiltorvet API: method not found
URL: http://localhost:53871/vehicle/recommended

2020-04-29 06:58:17 (Request took 0.022936105728149s)\r\nBiltorvet API: method not found
URL: http://localhost:53871/vehicle/recommended

2020-04-29 06:58:28 (Request took 0.015967130661011s)\r\nBiltorvet API: method not found
URL: http://localhost:53871/vehicle/recommended

2020-04-29 07:36:08 (Request took 0.015496969223022s)\r\nBiltorvet API: method not found
URL: http://localhost:53871/vehicle/recommended

2020-04-29 07:36:11 (Request took 0.016987085342407s)\r\nBiltorvet API: method not found
URL: http://localhost:53871/vehicle/recommended

2020-04-29 07:36:25 (Request took 0.014204025268555s)\r\nBiltorvet API: method not found
URL: http://localhost:53871/vehicle/recommended

2020-04-29 07:47:22 (Request took 0.062267065048218s)\r\nBiltorvet API: method not found
URL: http://localhost:53871/vehicle/recommended

2020-04-29 07:47:35 (Request took 0.023494958877563s)\r\nBiltorvet API: method not found
URL: http://localhost:53871/vehicle/recommended

2020-04-29 07:55:18 (Request took 0.078900098800659s)\r\nBiltorvet API: method not found
URL: http://localhost:53871/vehicle/recommended

2020-04-29 07:55:21 (Request took 0.014182090759277s)\r\nBiltorvet API: method not found
URL: http://localhost:53871/vehicle/recommended

2020-04-29 07:57:09 (Request took 0.059324979782104s)\r\nBiltorvet API: method not found
URL: http://localhost:53871/vehicle/recommended

2020-04-29 07:57:13 (Request took 0.015948057174683s)\r\nBiltorvet API: method not found
URL: http://localhost:53871/vehicle/recommended

2020-04-29 08:24:15 (Request took 0.01590895652771s)\r\nBiltorvet API: method not found
URL: http://localhost:53871/vehicle/recommended

2020-04-29 08:24:20 (Request took 0.014365196228027s)\r\nBiltorvet API: method not found
URL: http://localhost:53871/vehicle/recommended

2020-04-29 08:27:01 (Request took 0.064729928970337s)\r\nBiltorvet API: method not found
URL: http://localhost:53871/vehicle/recommended

2020-04-29 08:27:04 (Request took 0.014246940612793s)\r\nBiltorvet API: method not found
URL: http://localhost:53871/vehicle/recommended

2020-04-29 08:30:06 (Request took 0.078636169433594s)\r\nBiltorvet API: method not found
URL: http://localhost:53871/vehicle/recommended

2020-04-29 08:30:15 (Request took 0.015998840332031s)\r\nBiltorvet API: method not found
URL: http://localhost:53871/vehicle/recommended

2020-04-29 08:31:47 (Request took 0.059266090393066s)\r\nBiltorvet API: method not found
URL: http://localhost:53871/vehicle/recommended

2020-04-29 08:31:51 (Request took 0.013234853744507s)\r\nBiltorvet API: method not found
URL: http://localhost:53871/vehicle/recommended

2020-04-29 17:30:38 (Request took 0.28018188476562s)\r\nBiltorvet API returned following error(s):\r\nRequested vehicle not found
URL: http://localhost:53871/vehicle/detail/AD2018549

2020-04-29 17:30:38 (Request took 0.14578890800476s)\r\nBiltorvet API returned following error(s):\r\nRequested vehicle not found
URL: http://localhost:53871/vehicle/detail/AD2018549

2020-04-29 17:30:39 (Request took 0.085704803466797s)\r\nBiltorvet API returned following error(s):\r\nRequested vehicle not found
URL: http://localhost:53871/vehicle/detail/AD2018549

2020-04-29 17:30:39 (Request took 0.1033251285553s)\r\nBiltorvet API returned following error(s):\r\nRequested vehicle not found
URL: http://localhost:53871/vehicle/detail/AD2018549

2020-04-29 17:30:39 (Request took 0.093697071075439s)\r\nBiltorvet API returned following error(s):\r\nRequested vehicle not found
URL: http://localhost:53871/vehicle/detail/AD2018549

2020-04-29 17:30:39 (Request took 0.09453821182251s)\r\nBiltorvet API returned following error(s):\r\nRequested vehicle not found
URL: http://localhost:53871/vehicle/detail/AD2018549

2020-04-29 17:30:41 (Request took 0.18744993209839s)\r\nBiltorvet API returned following error(s):\r\nRequested vehicle not found
URL: http://localhost:53871/vehicle/recommended/AD2018549

2020-04-29 17:30:41 (Request took 0.12361097335815s)\r\nBiltorvet API returned following error(s):\r\nRequested vehicle not found
URL: http://localhost:53871/vehicle/detail/AD2018549

2020-04-29 17:30:41 (Request took 0.097651958465576s)\r\nBiltorvet API returned following error(s):\r\nRequested vehicle not found
URL: http://localhost:53871/vehicle/detail/AD2018549

2020-04-29 17:30:44 (Request took 0.10277390480042s)\r\nBiltorvet API returned following error(s):\r\nRequested vehicle not found
URL: http://localhost:53871/vehicle/detail/AD2018549

2020-04-29 17:30:44 (Request took 0.094942092895508s)\r\nBiltorvet API returned following error(s):\r\nRequested vehicle not found
URL: http://localhost:53871/vehicle/detail/AD2018549

2020-04-29 17:30:44 (Request took 0.088453054428101s)\r\nBiltorvet API returned following error(s):\r\nRequested vehicle not found
URL: http://localhost:53871/vehicle/detail/AD2018549

2020-04-29 17:30:45 (Request took 0.085363149642944s)\r\nBiltorvet API returned following error(s):\r\nRequested vehicle not found
URL: http://localhost:53871/vehicle/detail/AD2018549

2020-04-29 17:30:45 (Request took 0.10068202018738s)\r\nBiltorvet API returned following error(s):\r\nRequested vehicle not found
URL: http://localhost:53871/vehicle/detail/AD2018549

2020-04-29 17:30:45 (Request took 0.088531970977783s)\r\nBiltorvet API returned following error(s):\r\nRequested vehicle not found
URL: http://localhost:53871/vehicle/detail/AD2018549

2020-04-29 17:30:46 (Request took 0.086805105209351s)\r\nBiltorvet API returned following error(s):\r\nRequested vehicle not found
URL: http://localhost:53871/vehicle/recommended/AD2018549

2020-04-29 17:30:46 (Request took 0.087594985961914s)\r\nBiltorvet API returned following error(s):\r\nRequested vehicle not found
URL: http://localhost:53871/vehicle/detail/AD2018549

2020-04-29 17:30:46 (Request took 0.092419862747192s)\r\nBiltorvet API returned following error(s):\r\nRequested vehicle not found
URL: http://localhost:53871/vehicle/detail/AD2018549

2020-04-29 18:58:55 (Request took 10.002292156219s)\r\nBiltorvet API: can not connect to the server (28)
URL: http://localhost:53871/vehicle/detail/AD2018549

2020-04-29 18:59:05 (Request took 10.001024961472s)\r\nBiltorvet API: can not connect to the server (28)
URL: http://localhost:53871/vehicle/detail/AD2018549

2020-04-29 18:59:16 (Request took 10.001766204834s)\r\nBiltorvet API: can not connect to the server (28)
URL: http://localhost:53871/vehicle/detail/AD2018549

2020-04-29 18:59:26 (Request took 10.001583099365s)\r\nBiltorvet API: can not connect to the server (28)
URL: http://localhost:53871/vehicle/detail/AD2018549

2020-04-29 18:59:36 (Request took 10.001083135605s)\r\nBiltorvet API: can not connect to the server (28)
URL: http://localhost:53871/vehicle/detail/AD2018549

2020-04-29 18:59:46 (Request took 10.001127958298s)\r\nBiltorvet API: can not connect to the server (28)
URL: http://localhost:53871/vehicle/detail/AD2018549

2020-04-29 18:59:49 (Request took 1.2236831188202s)\r\nBiltorvet API: can not connect to the server (56)
URL: http://localhost:53871/vehicle/recommended/AD2018549

2020-04-29 18:59:52 (Request took 3.2037498950958s)\r\nBiltorvet API: can not connect to the server (7)
URL: http://localhost:53871/vehicle/detail/AD2018549

2020-04-29 18:59:55 (Request took 3.2433199882507s)\r\nBiltorvet API: can not connect to the server (7)
URL: http://localhost:53871/vehicle/detail/AD2018549

2020-04-30 07:08:34 (Request took 10.015570878983s)\r\nBiltorvet API: can not connect to the server (28)
URL: http://localhost:53871/vehicle/count

2020-04-30 10:22:38 (Request took 0.090851068496704s)\r\nBiltorvet API: method not found
URL: https://api-v1.autoit.dk/vehicle/count

2020-04-30 10:22:38 (Request took 0.34971714019775s)\r\nBiltorvet API: method not found
URL: https://api-v1.autoit.dk/vehicle/filteroptions

2020-04-30 11:00:31 (Request took 10.002067089081s)\r\nBiltorvet API: can not connect to the server (28)
URL: http://localhost:53871/vehicle/count

2020-04-30 11:00:40 (Request took 9.1280868053436s)\r\nBiltorvet API: unexpected response code (500)
URL: http://localhost:53871/vehicle/filteroptions

2020-04-30 11:00:46 (Request took 0.57206296920776s)\r\nBiltorvet API: unexpected response code (500)
URL: http://localhost:53871/vehicle/count

2020-04-30 11:00:47 (Request took 1.1092810630798s)\r\nBiltorvet API: unexpected response code (500)
URL: http://localhost:53871/vehicle/filteroptions

2020-04-30 11:01:11 (Request took 0.54726910591125s)\r\nBiltorvet API: unexpected response code (500)
URL: http://localhost:53871/vehicle/count

2020-04-30 11:01:12 (Request took 1.0310909748077s)\r\nBiltorvet API: unexpected response code (500)
URL: http://localhost:53871/vehicle/filteroptions

2020-04-30 11:01:15 (Request took 0.51249814033508s)\r\nBiltorvet API: unexpected response code (500)
URL: http://localhost:53871/vehicle/count

2020-04-30 11:01:16 (Request took 1.0513350963593s)\r\nBiltorvet API: unexpected response code (500)
URL: http://localhost:53871/vehicle/filteroptions

2020-04-30 11:02:06 (Request took 0.55557298660278s)\r\nBiltorvet API: unexpected response code (500)
URL: http://localhost:53871/vehicle/count

2020-04-30 11:02:07 (Request took 0.9695770740509s)\r\nBiltorvet API: unexpected response code (500)
URL: http://localhost:53871/vehicle/filteroptions

2020-04-30 11:03:08 (Request took 4.0582919120789s)\r\nBiltorvet API: unexpected response code (500)
URL: http://localhost:53871/vehicle/count

2020-04-30 11:03:10 (Request took 1.3816769123077s)\r\nBiltorvet API: unexpected response code (500)
URL: http://localhost:53871/vehicle/filteroptions

2020-04-30 13:33:26 (Request took 0.050426006317139s)\r\nBiltorvet API returned following error(s):\r\nRequested vehicle not found
URL: http://localhost:53871/vehicle/detail/BI1738076974

2020-04-30 13:33:26 (Request took 0.030364990234375s)\r\nBiltorvet API returned following error(s):\r\nRequested vehicle not found
URL: http://localhost:53871/vehicle/detail/BI1738076974

2020-04-30 13:33:26 (Request took 0.031082153320312s)\r\nBiltorvet API returned following error(s):\r\nRequested vehicle not found
URL: http://localhost:53871/vehicle/detail/BI1738076974

2020-04-30 13:33:26 (Request took 0.020699024200439s)\r\nBiltorvet API returned following error(s):\r\nRequested vehicle not found
URL: http://localhost:53871/vehicle/detail/BI1738076974

2020-04-30 13:33:26 (Request took 0.018460035324097s)\r\nBiltorvet API returned following error(s):\r\nRequested vehicle not found
URL: http://localhost:53871/vehicle/detail/BI1738076974

2020-04-30 13:33:27 (Request took 0.029255867004395s)\r\nBiltorvet API returned following error(s):\r\nRequested vehicle not found
URL: http://localhost:53871/vehicle/detail/BI1738076974

2020-04-30 13:33:28 (Request took 0.074932098388672s)\r\nBiltorvet API returned following error(s):\r\nRequested vehicle not found
URL: http://localhost:53871/vehicle/recommended/BI1738076974

2020-04-30 13:33:28 (Request took 0.022270917892456s)\r\nBiltorvet API returned following error(s):\r\nRequested vehicle not found
URL: http://localhost:53871/vehicle/detail/BI1738076974

2020-04-30 13:33:28 (Request took 0.019189834594727s)\r\nBiltorvet API returned following error(s):\r\nRequested vehicle not found
URL: http://localhost:53871/vehicle/detail/BI1738076974

2020-05-14 09:04:47 (Request took 10.004476070404s)\r\nBiltorvet API: can not connect to the server (28)
URL: http://localhost:53871/vehicle/count

2020-08-12 12:10:28 (Request took 0.036255121231079s)\r\nBiltorvet API: method not found
URL: https://api-v1.autoit.dk/vehicle/featured

2020-09-21 08:38:21 (Request took 3.2100207805634s)\r\nBiltorvet API: can not connect to the server (7)
URL: http://localhost:53871/vehicle/count

2020-09-21 08:38:24 (Request took 3.2053561210632s)\r\nBiltorvet API: can not connect to the server (7)
URL: http://localhost:53871/vehicle/filteroptions

2020-09-21 08:38:40 (Request took 3.2039921283722s)\r\nBiltorvet API: can not connect to the server (7)
URL: http://localhost:53871/vehicle/count

2020-09-21 08:38:43 (Request took 3.2046148777008s)\r\nBiltorvet API: can not connect to the server (7)
URL: http://localhost:53871/vehicle/filteroptions

2020-09-25 06:31:17 (Request took 3.2015290260315s)\r\nBiltorvet API: can not connect to the server (7)
URL: http://localhost:53871/vehicle/count

2020-09-25 06:31:20 (Request took 3.1994090080261s)\r\nBiltorvet API: can not connect to the server (7)
URL: http://localhost:53871/vehicle/filteroptions

2020-09-25 06:35:04 (Request took 1.8085610866547s)\r\nBiltorvet API: unexpected response code (500)
URL: http://localhost:53871/vehicle/count

2020-09-25 06:35:06 (Request took 1.1551101207733s)\r\nBiltorvet API: unexpected response code (500)
URL: http://localhost:53871/vehicle/filteroptions

2020-09-25 06:35:10 (Request took 0.63794207572937s)\r\nBiltorvet API: unexpected response code (500)
URL: http://localhost:53871/vehicle/count

2020-09-25 06:35:11 (Request took 1.1819500923157s)\r\nBiltorvet API: unexpected response code (500)
URL: http://localhost:53871/vehicle/filteroptions

2020-09-25 06:36:02 (Request took 0.6831419467926s)\r\nBiltorvet API: unexpected response code (500)
URL: http://localhost:53871/vehicle/count

2020-09-25 06:36:03 (Request took 1.2369909286499s)\r\nBiltorvet API: unexpected response code (500)
URL: http://localhost:53871/vehicle/filteroptions

2020-09-25 06:36:12 (Request took 0.64604187011719s)\r\nBiltorvet API: unexpected response code (500)
URL: http://localhost:53871/vehicle/count

2020-09-25 06:36:13 (Request took 1.3626120090485s)\r\nBiltorvet API: unexpected response code (500)
URL: http://localhost:53871/vehicle/filteroptions

2020-09-25 06:36:39 (Request took 0.64475297927856s)\r\nBiltorvet API: unexpected response code (500)
URL: http://localhost:53871/vehicle/count

2020-09-25 06:36:40 (Request took 1.3301689624786s)\r\nBiltorvet API: unexpected response code (500)
URL: http://localhost:53871/vehicle/filteroptions

2020-09-25 06:44:54 (Request took 5.113941192627s)\r\nBiltorvet API: unexpected response code (500)
URL: http://localhost:53871/vehicle/count

2020-09-25 06:44:55 (Request took 0.81055998802185s)\r\nBiltorvet API: unexpected response code (500)
URL: http://localhost:53871/vehicle/filteroptions

2020-09-25 06:46:37 (Request took 4.7027680873871s)\r\nBiltorvet API: unexpected response code (500)
URL: http://localhost:53871/vehicle/count

2020-09-25 06:46:38 (Request took 1.3236138820648s)\r\nBiltorvet API: unexpected response code (500)
URL: http://localhost:53871/vehicle/filteroptions

2020-09-25 07:58:14 (Request took 10.004531145096s)\r\nBiltorvet API: can not connect to the server (28)
URL: http://localhost:53871/vehicle/filteroptions

2020-10-06 11:19:06 (Request took 0.015324115753174s)\r\nBiltorvet API: can not connect to the server (60)
URL: https://api-v1.autoit.dk/vehicle/count

2020-10-06 11:19:06 (Request took 0.019428014755249s)\r\nBiltorvet API: can not connect to the server (60)
URL: https://api-v1.autoit.dk/vehicle/filteroptions

2020-10-06 11:19:24 (Request took 0.021257877349854s)\r\nBiltorvet API: can not connect to the server (60)
URL: https://api-v1.autoit.dk/vehicle/count

2020-10-06 11:19:24 (Request took 0.020002841949463s)\r\nBiltorvet API: can not connect to the server (60)
URL: https://api-v1.autoit.dk/vehicle/filteroptions

2020-10-06 11:19:42 (Request took 0.026197910308838s)\r\nBiltorvet API: can not connect to the server (60)
URL: https://api-v1.autoit.dk/vehicle/count

2020-10-06 11:19:42 (Request took 0.017296075820923s)\r\nBiltorvet API: can not connect to the server (60)
URL: https://api-v1.autoit.dk/vehicle/filteroptions

2020-10-06 11:19:46 (Request took 0.015176057815552s)\r\nBiltorvet API: can not connect to the server (60)
URL: https://api-v1.autoit.dk/vehicle/count

2020-10-06 11:19:46 (Request took 0.022491931915283s)\r\nBiltorvet API: can not connect to the server (60)
URL: https://api-v1.autoit.dk/vehicle/filteroptions

2020-10-06 11:20:46 (Request took 0.055026054382324s)\r\nBiltorvet API: can not connect to the server (60)
URL: https://api-v1.autoit.dk/vehicle/count

2020-10-06 11:20:46 (Request took 0.016282081604004s)\r\nBiltorvet API: can not connect to the server (60)
URL: https://api-v1.autoit.dk/vehicle/filteroptions

2020-10-06 11:21:33 (Request took 0.022981882095337s)\r\nBiltorvet API: can not connect to the server (60)
URL: https://api-v1.autoit.dk/vehicle/count

2020-10-06 11:21:33 (Request took 0.015736818313599s)\r\nBiltorvet API: can not connect to the server (60)
URL: https://api-v1.autoit.dk/vehicle/filteroptions

2020-10-06 11:23:18 (Request took 0.019132852554321s)\r\nBiltorvet API: can not connect to the server (60)
URL: https://api-v1.autoit.dk/vehicle/count

2020-10-06 11:23:18 (Request took 0.016247034072876s)\r\nBiltorvet API: can not connect to the server (60)
URL: https://api-v1.autoit.dk/vehicle/filteroptions

2020-10-06 11:40:10 (Request took 0.021413087844849s)\r\nBiltorvet API: can not connect to the server (60)
URL: https://api-v1.autoit.dk/vehicle/count

2020-10-06 11:40:10 (Request took 0.017981052398682s)\r\nBiltorvet API: can not connect to the server (60)
URL: https://api-v1.autoit.dk/vehicle/filteroptions

2020-10-06 11:40:13 (Request took 0.01389217376709s)\r\nBiltorvet API: can not connect to the server (60)
URL: https://api-v1.autoit.dk/vehicle/count

2020-10-06 11:40:13 (Request took 0.014136075973511s)\r\nBiltorvet API: can not connect to the server (60)
URL: https://api-v1.autoit.dk/vehicle/filteroptions

2020-10-06 11:40:19 (Request took 0.01653790473938s)\r\nBiltorvet API: can not connect to the server (60)
URL: https://api-v1.autoit.dk/vehicle/count

2020-10-06 11:40:19 (Request took 0.017777919769287s)\r\nBiltorvet API: can not connect to the server (60)
URL: https://api-v1.autoit.dk/vehicle/filteroptions

2020-10-06 13:36:45 (Request took 0.020906925201416s)\r\nBiltorvet API: can not connect to the server (60)
URL: https://api-v1.autoit.dk/vehicle/count

2020-10-06 13:36:45 (Request took 0.015842914581299s)\r\nBiltorvet API: can not connect to the server (60)
URL: https://api-v1.autoit.dk/vehicle/filteroptions

2020-10-06 13:47:02 (Request took 0.0141921043396s)\r\nBiltorvet API: can not connect to the server (60)
URL: https://api-v1.autoit.dk/vehicle/count

2020-10-06 13:47:03 (Request took 0.017957925796509s)\r\nBiltorvet API: can not connect to the server (60)
URL: https://api-v1.autoit.dk/vehicle/filteroptions

2020-10-06 13:47:11 (Request took 0.025718927383423s)\r\nBiltorvet API: can not connect to the server (60)
URL: https://api-v1.autoit.dk/vehicle/count

2020-10-06 13:47:11 (Request took 0.017436027526855s)\r\nBiltorvet API: can not connect to the server (60)
URL: https://api-v1.autoit.dk/vehicle/filteroptions

2020-10-06 13:54:33 (Request took 0.033007144927979s)\r\nBiltorvet API: can not connect to the server (60)
URL: https://api-v1.autoit.dk/vehicle/count

2020-10-06 13:54:33 (Request took 0.023606061935425s)\r\nBiltorvet API: can not connect to the server (60)
URL: https://api-v1.autoit.dk/vehicle/filteroptions

2020-10-06 13:55:13 (Request took 0.013657093048096s)\r\nBiltorvet API: can not connect to the server (60)
URL: https://api-v1.autoit.dk/vehicle/count

2020-10-06 13:55:13 (Request took 0.014541149139404s)\r\nBiltorvet API: can not connect to the server (60)
URL: https://api-v1.autoit.dk/vehicle/filteroptions

2020-10-06 18:43:17 (Request took 0.091049909591675s)\r\nBiltorvet API: can not connect to the server (60)
URL: https://api-v1.autoit.dk/vehicle/count

2020-10-06 18:43:17 (Request took 0.050836086273193s)\r\nBiltorvet API: can not connect to the server (60)
URL: https://api-v1.autoit.dk/vehicle/filteroptions

2020-10-06 18:43:23 (Request took 0.036171913146973s)\r\nBiltorvet API: can not connect to the server (60)
URL: https://api-v1.autoit.dk/vehicle/count

2020-10-06 18:43:23 (Request took 0.036555051803589s)\r\nBiltorvet API: can not connect to the server (60)
URL: https://api-v1.autoit.dk/vehicle/filteroptions

2020-10-06 18:44:14 (Request took 0.072074890136719s)\r\nBiltorvet API: can not connect to the server (60)
URL: https://api-v1.autoit.dk/vehicle/count

2020-10-06 18:44:14 (Request took 0.033183813095093s)\r\nBiltorvet API: can not connect to the server (60)
URL: https://api-v1.autoit.dk/vehicle/filteroptions

2020-10-06 19:07:25 (Request took 0.091322898864746s)\r\nBiltorvet API: can not connect to the server (60)
URL: https://api-v1.autoit.dk/vehicle/count

2020-10-06 19:07:25 (Request took 0.02363109588623s)\r\nBiltorvet API: can not connect to the server (60)
URL: https://api-v1.autoit.dk/vehicle/filteroptions

